{"/media/ssd0/vscode-projects/COP4331/POOSD-Large-Project/backend/app.js": {"path":"/media/ssd0/vscode-projects/COP4331/POOSD-Large-Project/backend/app.js","statementMap":{"0":{"start":{"line":3,"column":13},"end":{"line":3,"column":28}},"1":{"start":{"line":6,"column":0},"end":{"line":8,"column":1}},"2":{"start":{"line":7,"column":0},"end":{"line":7,"column":65}},"3":{"start":{"line":9,"column":0},"end":{"line":9,"column":16}},"4":{"start":{"line":11,"column":16},"end":{"line":11,"column":34}},"5":{"start":{"line":12,"column":13},"end":{"line":12,"column":28}},"6":{"start":{"line":15,"column":20},"end":{"line":15,"column":52}},"7":{"start":{"line":16,"column":19},"end":{"line":16,"column":50}},"8":{"start":{"line":17,"column":18},"end":{"line":17,"column":48}},"9":{"start":{"line":18,"column":24},"end":{"line":18,"column":60}},"10":{"start":{"line":19,"column":26},"end":{"line":19,"column":64}},"11":{"start":{"line":22,"column":12},"end":{"line":22,"column":21}},"12":{"start":{"line":25,"column":0},"end":{"line":25,"column":69}},"13":{"start":{"line":28,"column":0},"end":{"line":28,"column":51}},"14":{"start":{"line":30,"column":0},"end":{"line":30,"column":41}},"15":{"start":{"line":31,"column":0},"end":{"line":31,"column":63}},"16":{"start":{"line":33,"column":0},"end":{"line":33,"column":34}},"17":{"start":{"line":34,"column":0},"end":{"line":34,"column":33}},"18":{"start":{"line":35,"column":0},"end":{"line":35,"column":31}},"19":{"start":{"line":36,"column":0},"end":{"line":36,"column":44}},"20":{"start":{"line":37,"column":0},"end":{"line":37,"column":47}},"21":{"start":{"line":40,"column":0},"end":{"line":40,"column":70}},"22":{"start":{"line":40,"column":34},"end":{"line":40,"column":68}},"23":{"start":{"line":41,"column":0},"end":{"line":41,"column":71}},"24":{"start":{"line":41,"column":23},"end":{"line":41,"column":69}},"25":{"start":{"line":42,"column":0},"end":{"line":45,"column":3}},"26":{"start":{"line":43,"column":2},"end":{"line":43,"column":41}},"27":{"start":{"line":44,"column":2},"end":{"line":44,"column":53}},"28":{"start":{"line":47,"column":0},"end":{"line":47,"column":21}}},"fnMap":{"0":{"name":"(anonymous_0)","decl":{"start":{"line":40,"column":19},"end":{"line":40,"column":20}},"loc":{"start":{"line":40,"column":34},"end":{"line":40,"column":68}},"line":40},"1":{"name":"(anonymous_1)","decl":{"start":{"line":41,"column":8},"end":{"line":41,"column":9}},"loc":{"start":{"line":41,"column":23},"end":{"line":41,"column":69}},"line":41},"2":{"name":"(anonymous_2)","decl":{"start":{"line":42,"column":8},"end":{"line":42,"column":9}},"loc":{"start":{"line":42,"column":35},"end":{"line":45,"column":1}},"line":42}},"branchMap":{"0":{"loc":{"start":{"line":6,"column":0},"end":{"line":8,"column":1}},"type":"if","locations":[{"start":{"line":6,"column":0},"end":{"line":8,"column":1}},{"start":{},"end":{}}],"line":6}},"s":{"0":1,"1":1,"2":0,"3":1,"4":1,"5":1,"6":1,"7":1,"8":1,"9":1,"10":1,"11":1,"12":1,"13":1,"14":1,"15":1,"16":1,"17":1,"18":1,"19":1,"20":1,"21":1,"22":0,"23":1,"24":0,"25":1,"26":0,"27":0,"28":1},"f":{"0":0,"1":0,"2":0},"b":{"0":[0,1]},"_coverageSchema":"1a1c01bbd47fc00a2c39e90264f33305004495a9","hash":"d9562941d560f6b57a3ab70987abcf0f4d07e279"}
,"/media/ssd0/vscode-projects/COP4331/POOSD-Large-Project/backend/controllers/dev.controller.js": {"path":"/media/ssd0/vscode-projects/COP4331/POOSD-Large-Project/backend/controllers/dev.controller.js","statementMap":{"0":{"start":{"line":1,"column":17},"end":{"line":1,"column":36}},"1":{"start":{"line":7,"column":4},"end":{"line":7,"column":20}},"2":{"start":{"line":8,"column":20},"end":{"line":8,"column":52}},"3":{"start":{"line":11,"column":14},"end":{"line":15,"column":3}},"4":{"start":{"line":16,"column":2},"end":{"line":23,"column":3}},"5":{"start":{"line":17,"column":18},"end":{"line":21,"column":5}},"6":{"start":{"line":22,"column":4},"end":{"line":22,"column":26}},"7":{"start":{"line":24,"column":2},"end":{"line":24,"column":22}},"8":{"start":{"line":28,"column":2},"end":{"line":32,"column":29}},"9":{"start":{"line":36,"column":2},"end":{"line":38,"column":3}},"10":{"start":{"line":37,"column":4},"end":{"line":37,"column":73}},"11":{"start":{"line":39,"column":14},"end":{"line":39,"column":65}},"12":{"start":{"line":39,"column":46},"end":{"line":39,"column":64}},"13":{"start":{"line":40,"column":2},"end":{"line":42,"column":3}},"14":{"start":{"line":41,"column":4},"end":{"line":41,"column":73}},"15":{"start":{"line":43,"column":2},"end":{"line":43,"column":13}},"16":{"start":{"line":49,"column":2},"end":{"line":51,"column":3}},"17":{"start":{"line":50,"column":4},"end":{"line":50,"column":21}},"18":{"start":{"line":53,"column":2},"end":{"line":60,"column":3}},"19":{"start":{"line":54,"column":4},"end":{"line":58,"column":5}},"20":{"start":{"line":55,"column":6},"end":{"line":57,"column":8}},"21":{"start":{"line":59,"column":4},"end":{"line":59,"column":27}},"22":{"start":{"line":62,"column":2},"end":{"line":70,"column":3}},"23":{"start":{"line":63,"column":14},"end":{"line":63,"column":29}},"24":{"start":{"line":64,"column":4},"end":{"line":68,"column":5}},"25":{"start":{"line":65,"column":6},"end":{"line":67,"column":8}},"26":{"start":{"line":69,"column":4},"end":{"line":69,"column":32}},"27":{"start":{"line":72,"column":2},"end":{"line":74,"column":4}},"28":{"start":{"line":78,"column":2},"end":{"line":78,"column":52}},"29":{"start":{"line":85,"column":2},"end":{"line":87,"column":3}},"30":{"start":{"line":86,"column":4},"end":{"line":86,"column":14}},"31":{"start":{"line":89,"column":18},"end":{"line":91,"column":32}},"32":{"start":{"line":90,"column":16},"end":{"line":90,"column":32}},"33":{"start":{"line":91,"column":19},"end":{"line":91,"column":31}},"34":{"start":{"line":93,"column":2},"end":{"line":95,"column":3}},"35":{"start":{"line":94,"column":4},"end":{"line":94,"column":14}},"36":{"start":{"line":97,"column":17},"end":{"line":97,"column":19}},"37":{"start":{"line":98,"column":18},"end":{"line":98,"column":20}},"38":{"start":{"line":100,"column":2},"end":{"line":132,"column":3}},"39":{"start":{"line":101,"column":17},"end":{"line":101,"column":31}},"40":{"start":{"line":104,"column":23},"end":{"line":104,"column":69}},"41":{"start":{"line":105,"column":14},"end":{"line":105,"column":82}},"42":{"start":{"line":108,"column":4},"end":{"line":124,"column":5}},"43":{"start":{"line":109,"column":27},"end":{"line":109,"column":61}},"44":{"start":{"line":110,"column":25},"end":{"line":113,"column":14}},"45":{"start":{"line":115,"column":6},"end":{"line":123,"column":7}},"46":{"start":{"line":116,"column":8},"end":{"line":116,"column":28}},"47":{"start":{"line":117,"column":13},"end":{"line":123,"column":7}},"48":{"start":{"line":119,"column":8},"end":{"line":121,"column":10}},"49":{"start":{"line":120,"column":20},"end":{"line":120,"column":65}},"50":{"start":{"line":122,"column":8},"end":{"line":122,"column":28}},"51":{"start":{"line":126,"column":4},"end":{"line":131,"column":5}},"52":{"start":{"line":128,"column":6},"end":{"line":128,"column":25}},"53":{"start":{"line":130,"column":6},"end":{"line":130,"column":26}},"54":{"start":{"line":135,"column":2},"end":{"line":139,"column":3}},"55":{"start":{"line":136,"column":4},"end":{"line":138,"column":6}},"56":{"start":{"line":141,"column":2},"end":{"line":141,"column":16}},"57":{"start":{"line":155,"column":0},"end":{"line":235,"column":2}},"58":{"start":{"line":156,"column":2},"end":{"line":234,"column":3}},"59":{"start":{"line":157,"column":22},"end":{"line":157,"column":35}},"60":{"start":{"line":158,"column":4},"end":{"line":158,"column":75}},"61":{"start":{"line":158,"column":20},"end":{"line":158,"column":75}},"62":{"start":{"line":160,"column":24},"end":{"line":160,"column":62}},"63":{"start":{"line":161,"column":43},"end":{"line":161,"column":52}},"64":{"start":{"line":163,"column":14},"end":{"line":166,"column":5}},"65":{"start":{"line":168,"column":4},"end":{"line":170,"column":5}},"66":{"start":{"line":169,"column":6},"end":{"line":169,"column":52}},"67":{"start":{"line":172,"column":16},"end":{"line":172,"column":50}},"68":{"start":{"line":173,"column":16},"end":{"line":173,"column":33}},"69":{"start":{"line":175,"column":27},"end":{"line":182,"column":6}},"70":{"start":{"line":184,"column":19},"end":{"line":226,"column":6}},"71":{"start":{"line":185,"column":18},"end":{"line":185,"column":30}},"72":{"start":{"line":187,"column":32},"end":{"line":189,"column":12}},"73":{"start":{"line":191,"column":35},"end":{"line":195,"column":12}},"74":{"start":{"line":193,"column":27},"end":{"line":193,"column":62}},"75":{"start":{"line":194,"column":24},"end":{"line":194,"column":34}},"76":{"start":{"line":198,"column":8},"end":{"line":198,"column":79}},"77":{"start":{"line":200,"column":31},"end":{"line":202,"column":12}},"78":{"start":{"line":203,"column":28},"end":{"line":205,"column":12}},"79":{"start":{"line":207,"column":6},"end":{"line":225,"column":8}},"80":{"start":{"line":228,"column":4},"end":{"line":230,"column":83}},"81":{"start":{"line":232,"column":4},"end":{"line":232,"column":47}},"82":{"start":{"line":233,"column":4},"end":{"line":233,"column":57}},"83":{"start":{"line":237,"column":0},"end":{"line":438,"column":2}},"84":{"start":{"line":238,"column":2},"end":{"line":437,"column":3}},"85":{"start":{"line":239,"column":21},"end":{"line":239,"column":34}},"86":{"start":{"line":240,"column":4},"end":{"line":240,"column":74}},"87":{"start":{"line":240,"column":19},"end":{"line":240,"column":74}},"88":{"start":{"line":241,"column":4},"end":{"line":243,"column":5}},"89":{"start":{"line":242,"column":6},"end":{"line":242,"column":72}},"90":{"start":{"line":258,"column":8},"end":{"line":258,"column":16}},"91":{"start":{"line":261,"column":4},"end":{"line":263,"column":5}},"92":{"start":{"line":262,"column":6},"end":{"line":262,"column":65}},"93":{"start":{"line":264,"column":4},"end":{"line":264,"column":31}},"94":{"start":{"line":266,"column":4},"end":{"line":270,"column":5}},"95":{"start":{"line":267,"column":6},"end":{"line":269,"column":62}},"96":{"start":{"line":271,"column":4},"end":{"line":271,"column":37}},"97":{"start":{"line":272,"column":4},"end":{"line":276,"column":5}},"98":{"start":{"line":273,"column":6},"end":{"line":275,"column":62}},"99":{"start":{"line":280,"column":4},"end":{"line":284,"column":5}},"100":{"start":{"line":281,"column":6},"end":{"line":281,"column":63}},"101":{"start":{"line":283,"column":6},"end":{"line":283,"column":56}},"102":{"start":{"line":287,"column":29},"end":{"line":289,"column":10}},"103":{"start":{"line":288,"column":33},"end":{"line":288,"column":49}},"104":{"start":{"line":291,"column":26},"end":{"line":293,"column":10}},"105":{"start":{"line":292,"column":30},"end":{"line":292,"column":46}},"106":{"start":{"line":295,"column":34},"end":{"line":297,"column":10}},"107":{"start":{"line":296,"column":39},"end":{"line":296,"column":69}},"108":{"start":{"line":303,"column":4},"end":{"line":325,"column":5}},"109":{"start":{"line":304,"column":6},"end":{"line":312,"column":7}},"110":{"start":{"line":305,"column":8},"end":{"line":305,"column":69}},"111":{"start":{"line":307,"column":8},"end":{"line":311,"column":10}},"112":{"start":{"line":314,"column":6},"end":{"line":322,"column":7}},"113":{"start":{"line":315,"column":8},"end":{"line":315,"column":60}},"114":{"start":{"line":317,"column":8},"end":{"line":321,"column":10}},"115":{"start":{"line":324,"column":6},"end":{"line":324,"column":56}},"116":{"start":{"line":328,"column":4},"end":{"line":328,"column":77}},"117":{"start":{"line":331,"column":18},"end":{"line":331,"column":27}},"118":{"start":{"line":332,"column":4},"end":{"line":340,"column":5}},"119":{"start":{"line":333,"column":16},"end":{"line":333,"column":29}},"120":{"start":{"line":334,"column":6},"end":{"line":338,"column":7}},"121":{"start":{"line":335,"column":8},"end":{"line":337,"column":66}},"122":{"start":{"line":339,"column":6},"end":{"line":339,"column":18}},"123":{"start":{"line":344,"column":4},"end":{"line":353,"column":5}},"124":{"start":{"line":345,"column":6},"end":{"line":349,"column":7}},"125":{"start":{"line":346,"column":8},"end":{"line":348,"column":64}},"126":{"start":{"line":350,"column":6},"end":{"line":350,"column":21}},"127":{"start":{"line":352,"column":6},"end":{"line":352,"column":43}},"128":{"start":{"line":356,"column":24},"end":{"line":356,"column":61}},"129":{"start":{"line":357,"column":17},"end":{"line":357,"column":30}},"130":{"start":{"line":359,"column":4},"end":{"line":375,"column":5}},"131":{"start":{"line":360,"column":19},"end":{"line":363,"column":7}},"132":{"start":{"line":365,"column":6},"end":{"line":373,"column":7}},"133":{"start":{"line":366,"column":22},"end":{"line":368,"column":9}},"134":{"start":{"line":367,"column":26},"end":{"line":367,"column":58}},"135":{"start":{"line":369,"column":24},"end":{"line":369,"column":74}},"136":{"start":{"line":369,"column":60},"end":{"line":369,"column":73}},"137":{"start":{"line":370,"column":8},"end":{"line":372,"column":11}},"138":{"start":{"line":374,"column":6},"end":{"line":374,"column":45}},"139":{"start":{"line":374,"column":37},"end":{"line":374,"column":42}},"140":{"start":{"line":377,"column":4},"end":{"line":379,"column":6}},"141":{"start":{"line":377,"column":51},"end":{"line":377,"column":61}},"142":{"start":{"line":378,"column":14},"end":{"line":378,"column":45}},"143":{"start":{"line":382,"column":23},"end":{"line":394,"column":5}},"144":{"start":{"line":396,"column":4},"end":{"line":398,"column":5}},"145":{"start":{"line":397,"column":6},"end":{"line":397,"column":51}},"146":{"start":{"line":399,"column":4},"end":{"line":399,"column":58}},"147":{"start":{"line":399,"column":31},"end":{"line":399,"column":58}},"148":{"start":{"line":400,"column":4},"end":{"line":400,"column":68}},"149":{"start":{"line":400,"column":21},"end":{"line":400,"column":68}},"150":{"start":{"line":402,"column":17},"end":{"line":410,"column":5}},"151":{"start":{"line":413,"column":4},"end":{"line":427,"column":6}},"152":{"start":{"line":429,"column":4},"end":{"line":429,"column":68}},"153":{"start":{"line":431,"column":4},"end":{"line":434,"column":61}},"154":{"start":{"line":432,"column":6},"end":{"line":434,"column":61}},"155":{"start":{"line":435,"column":4},"end":{"line":435,"column":39}},"156":{"start":{"line":436,"column":4},"end":{"line":436,"column":59}},"157":{"start":{"line":440,"column":0},"end":{"line":583,"column":2}},"158":{"start":{"line":441,"column":2},"end":{"line":582,"column":3}},"159":{"start":{"line":442,"column":15},"end":{"line":442,"column":36}},"160":{"start":{"line":443,"column":4},"end":{"line":445,"column":5}},"161":{"start":{"line":444,"column":6},"end":{"line":444,"column":64}},"162":{"start":{"line":447,"column":17},"end":{"line":447,"column":43}},"163":{"start":{"line":448,"column":4},"end":{"line":448,"column":72}},"164":{"start":{"line":448,"column":15},"end":{"line":448,"column":72}},"165":{"start":{"line":451,"column":24},"end":{"line":451,"column":65}},"166":{"start":{"line":452,"column":4},"end":{"line":456,"column":5}},"167":{"start":{"line":452,"column":37},"end":{"line":452,"column":58}},"168":{"start":{"line":453,"column":6},"end":{"line":455,"column":61}},"169":{"start":{"line":467,"column":8},"end":{"line":467,"column":16}},"170":{"start":{"line":469,"column":19},"end":{"line":469,"column":21}},"171":{"start":{"line":472,"column":4},"end":{"line":475,"column":5}},"172":{"start":{"line":473,"column":6},"end":{"line":473,"column":32}},"173":{"start":{"line":474,"column":6},"end":{"line":474,"column":41}},"174":{"start":{"line":478,"column":4},"end":{"line":480,"column":5}},"175":{"start":{"line":479,"column":6},"end":{"line":479,"column":38}},"176":{"start":{"line":483,"column":4},"end":{"line":494,"column":5}},"177":{"start":{"line":484,"column":6},"end":{"line":493,"column":7}},"178":{"start":{"line":485,"column":21},"end":{"line":485,"column":62}},"179":{"start":{"line":486,"column":8},"end":{"line":490,"column":9}},"180":{"start":{"line":487,"column":10},"end":{"line":487,"column":43}},"181":{"start":{"line":489,"column":10},"end":{"line":489,"column":48}},"182":{"start":{"line":492,"column":8},"end":{"line":492,"column":58}},"183":{"start":{"line":497,"column":4},"end":{"line":510,"column":5}},"184":{"start":{"line":498,"column":31},"end":{"line":500,"column":24}},"185":{"start":{"line":499,"column":20},"end":{"line":499,"column":36}},"186":{"start":{"line":501,"column":6},"end":{"line":501,"column":49}},"187":{"start":{"line":504,"column":26},"end":{"line":508,"column":7}},"188":{"start":{"line":509,"column":6},"end":{"line":509,"column":37}},"189":{"start":{"line":512,"column":4},"end":{"line":524,"column":5}},"190":{"start":{"line":513,"column":28},"end":{"line":515,"column":24}},"191":{"start":{"line":514,"column":20},"end":{"line":514,"column":36}},"192":{"start":{"line":516,"column":6},"end":{"line":516,"column":43}},"193":{"start":{"line":518,"column":23},"end":{"line":522,"column":7}},"194":{"start":{"line":523,"column":6},"end":{"line":523,"column":31}},"195":{"start":{"line":527,"column":4},"end":{"line":560,"column":5}},"196":{"start":{"line":528,"column":24},"end":{"line":530,"column":24}},"197":{"start":{"line":529,"column":20},"end":{"line":529,"column":50}},"198":{"start":{"line":532,"column":6},"end":{"line":532,"column":47}},"199":{"start":{"line":534,"column":19},"end":{"line":534,"column":32}},"200":{"start":{"line":536,"column":6},"end":{"line":553,"column":7}},"201":{"start":{"line":537,"column":21},"end":{"line":540,"column":16}},"202":{"start":{"line":542,"column":25},"end":{"line":544,"column":9}},"203":{"start":{"line":543,"column":26},"end":{"line":543,"column":58}},"204":{"start":{"line":545,"column":24},"end":{"line":545,"column":65}},"205":{"start":{"line":545,"column":48},"end":{"line":545,"column":64}},"206":{"start":{"line":546,"column":8},"end":{"line":550,"column":9}},"207":{"start":{"line":547,"column":10},"end":{"line":549,"column":13}},"208":{"start":{"line":552,"column":8},"end":{"line":552,"column":47}},"209":{"start":{"line":552,"column":39},"end":{"line":552,"column":44}},"210":{"start":{"line":556,"column":6},"end":{"line":558,"column":8}},"211":{"start":{"line":556,"column":52},"end":{"line":556,"column":61}},"212":{"start":{"line":557,"column":15},"end":{"line":557,"column":45}},"213":{"start":{"line":559,"column":6},"end":{"line":559,"column":33}},"214":{"start":{"line":563,"column":28},"end":{"line":563,"column":71}},"215":{"start":{"line":564,"column":4},"end":{"line":566,"column":5}},"216":{"start":{"line":565,"column":6},"end":{"line":565,"column":35}},"217":{"start":{"line":568,"column":4},"end":{"line":570,"column":5}},"218":{"start":{"line":569,"column":6},"end":{"line":569,"column":48}},"219":{"start":{"line":572,"column":20},"end":{"line":576,"column":5}},"220":{"start":{"line":578,"column":4},"end":{"line":578,"column":66}},"221":{"start":{"line":580,"column":4},"end":{"line":580,"column":43}},"222":{"start":{"line":581,"column":4},"end":{"line":581,"column":59}},"223":{"start":{"line":586,"column":0},"end":{"line":615,"column":2}},"224":{"start":{"line":587,"column":2},"end":{"line":614,"column":3}},"225":{"start":{"line":588,"column":15},"end":{"line":588,"column":36}},"226":{"start":{"line":589,"column":4},"end":{"line":590,"column":55}},"227":{"start":{"line":590,"column":6},"end":{"line":590,"column":55}},"228":{"start":{"line":592,"column":17},"end":{"line":592,"column":43}},"229":{"start":{"line":593,"column":4},"end":{"line":593,"column":72}},"230":{"start":{"line":593,"column":15},"end":{"line":593,"column":72}},"231":{"start":{"line":595,"column":24},"end":{"line":595,"column":65}},"232":{"start":{"line":596,"column":4},"end":{"line":600,"column":5}},"233":{"start":{"line":596,"column":37},"end":{"line":596,"column":58}},"234":{"start":{"line":597,"column":6},"end":{"line":599,"column":57}},"235":{"start":{"line":602,"column":4},"end":{"line":602,"column":27}},"236":{"start":{"line":605,"column":4},"end":{"line":608,"column":6}},"237":{"start":{"line":610,"column":4},"end":{"line":610,"column":61}},"238":{"start":{"line":612,"column":4},"end":{"line":612,"column":49}},"239":{"start":{"line":613,"column":4},"end":{"line":613,"column":57}},"240":{"start":{"line":621,"column":0},"end":{"line":653,"column":2}},"241":{"start":{"line":622,"column":2},"end":{"line":652,"column":3}},"242":{"start":{"line":623,"column":22},"end":{"line":623,"column":35}},"243":{"start":{"line":624,"column":4},"end":{"line":624,"column":75}},"244":{"start":{"line":624,"column":20},"end":{"line":624,"column":75}},"245":{"start":{"line":626,"column":43},"end":{"line":626,"column":52}},"246":{"start":{"line":627,"column":4},"end":{"line":629,"column":5}},"247":{"start":{"line":628,"column":6},"end":{"line":628,"column":65}},"248":{"start":{"line":631,"column":18},"end":{"line":631,"column":54}},"249":{"start":{"line":632,"column":14},"end":{"line":636,"column":5}},"250":{"start":{"line":638,"column":16},"end":{"line":638,"column":50}},"251":{"start":{"line":639,"column":16},"end":{"line":639,"column":33}},"252":{"start":{"line":641,"column":27},"end":{"line":644,"column":6}},"253":{"start":{"line":646,"column":4},"end":{"line":648,"column":74}},"254":{"start":{"line":650,"column":4},"end":{"line":650,"column":42}},"255":{"start":{"line":651,"column":4},"end":{"line":651,"column":57}},"256":{"start":{"line":656,"column":0},"end":{"line":672,"column":2}},"257":{"start":{"line":657,"column":2},"end":{"line":671,"column":3}},"258":{"start":{"line":658,"column":4},"end":{"line":660,"column":5}},"259":{"start":{"line":659,"column":6},"end":{"line":659,"column":68}},"260":{"start":{"line":662,"column":20},"end":{"line":662,"column":62}},"261":{"start":{"line":664,"column":4},"end":{"line":667,"column":7}},"262":{"start":{"line":669,"column":4},"end":{"line":669,"column":45}},"263":{"start":{"line":670,"column":4},"end":{"line":670,"column":61}}},"fnMap":{"0":{"name":"getNextDevGameId","decl":{"start":{"line":10,"column":15},"end":{"line":10,"column":31}},"loc":{"start":{"line":10,"column":34},"end":{"line":25,"column":1}},"line":10},"1":{"name":"slugify","decl":{"start":{"line":27,"column":9},"end":{"line":27,"column":16}},"loc":{"start":{"line":27,"column":24},"end":{"line":33,"column":1}},"line":27},"2":{"name":"parseRequiredNumArray","decl":{"start":{"line":35,"column":9},"end":{"line":35,"column":30}},"loc":{"start":{"line":35,"column":49},"end":{"line":44,"column":1}},"line":35},"3":{"name":"(anonymous_3)","decl":{"start":{"line":39,"column":39},"end":{"line":39,"column":40}},"loc":{"start":{"line":39,"column":46},"end":{"line":39,"column":64}},"line":39},"4":{"name":"parseFirstReleaseDate","decl":{"start":{"line":48,"column":9},"end":{"line":48,"column":30}},"loc":{"start":{"line":48,"column":36},"end":{"line":75,"column":1}},"line":48},"5":{"name":"escapeRegex","decl":{"start":{"line":77,"column":9},"end":{"line":77,"column":20}},"loc":{"start":{"line":77,"column":26},"end":{"line":79,"column":1}},"line":77},"6":{"name":"resolveIdsFromNames","decl":{"start":{"line":83,"column":15},"end":{"line":83,"column":34}},"loc":{"start":{"line":83,"column":61},"end":{"line":142,"column":1}},"line":83},"7":{"name":"(anonymous_7)","decl":{"start":{"line":90,"column":9},"end":{"line":90,"column":10}},"loc":{"start":{"line":90,"column":16},"end":{"line":90,"column":32}},"line":90},"8":{"name":"(anonymous_8)","decl":{"start":{"line":91,"column":12},"end":{"line":91,"column":13}},"loc":{"start":{"line":91,"column":19},"end":{"line":91,"column":31}},"line":91},"9":{"name":"(anonymous_9)","decl":{"start":{"line":120,"column":10},"end":{"line":120,"column":11}},"loc":{"start":{"line":120,"column":20},"end":{"line":120,"column":65}},"line":120},"10":{"name":"(anonymous_10)","decl":{"start":{"line":155,"column":20},"end":{"line":155,"column":21}},"loc":{"start":{"line":155,"column":40},"end":{"line":235,"column":1}},"line":155},"11":{"name":"(anonymous_11)","decl":{"start":{"line":184,"column":29},"end":{"line":184,"column":30}},"loc":{"start":{"line":184,"column":36},"end":{"line":226,"column":5}},"line":184},"12":{"name":"(anonymous_12)","decl":{"start":{"line":193,"column":20},"end":{"line":193,"column":21}},"loc":{"start":{"line":193,"column":27},"end":{"line":193,"column":62}},"line":193},"13":{"name":"(anonymous_13)","decl":{"start":{"line":194,"column":17},"end":{"line":194,"column":18}},"loc":{"start":{"line":194,"column":24},"end":{"line":194,"column":34}},"line":194},"14":{"name":"(anonymous_14)","decl":{"start":{"line":237,"column":18},"end":{"line":237,"column":19}},"loc":{"start":{"line":237,"column":38},"end":{"line":438,"column":1}},"line":237},"15":{"name":"(anonymous_15)","decl":{"start":{"line":288,"column":26},"end":{"line":288,"column":27}},"loc":{"start":{"line":288,"column":33},"end":{"line":288,"column":49}},"line":288},"16":{"name":"(anonymous_16)","decl":{"start":{"line":292,"column":23},"end":{"line":292,"column":24}},"loc":{"start":{"line":292,"column":30},"end":{"line":292,"column":46}},"line":292},"17":{"name":"(anonymous_17)","decl":{"start":{"line":296,"column":32},"end":{"line":296,"column":33}},"loc":{"start":{"line":296,"column":39},"end":{"line":296,"column":69}},"line":296},"18":{"name":"(anonymous_18)","decl":{"start":{"line":367,"column":19},"end":{"line":367,"column":20}},"loc":{"start":{"line":367,"column":26},"end":{"line":367,"column":58}},"line":367},"19":{"name":"(anonymous_19)","decl":{"start":{"line":369,"column":53},"end":{"line":369,"column":54}},"loc":{"start":{"line":369,"column":60},"end":{"line":369,"column":73}},"line":369},"20":{"name":"(anonymous_20)","decl":{"start":{"line":374,"column":30},"end":{"line":374,"column":31}},"loc":{"start":{"line":374,"column":37},"end":{"line":374,"column":42}},"line":374},"21":{"name":"(anonymous_21)","decl":{"start":{"line":377,"column":43},"end":{"line":377,"column":44}},"loc":{"start":{"line":377,"column":51},"end":{"line":377,"column":61}},"line":377},"22":{"name":"(anonymous_22)","decl":{"start":{"line":378,"column":6},"end":{"line":378,"column":7}},"loc":{"start":{"line":378,"column":14},"end":{"line":378,"column":45}},"line":378},"23":{"name":"(anonymous_23)","decl":{"start":{"line":440,"column":19},"end":{"line":440,"column":20}},"loc":{"start":{"line":440,"column":39},"end":{"line":583,"column":1}},"line":440},"24":{"name":"(anonymous_24)","decl":{"start":{"line":452,"column":30},"end":{"line":452,"column":31}},"loc":{"start":{"line":452,"column":37},"end":{"line":452,"column":58}},"line":452},"25":{"name":"(anonymous_25)","decl":{"start":{"line":499,"column":13},"end":{"line":499,"column":14}},"loc":{"start":{"line":499,"column":20},"end":{"line":499,"column":36}},"line":499},"26":{"name":"(anonymous_26)","decl":{"start":{"line":514,"column":13},"end":{"line":514,"column":14}},"loc":{"start":{"line":514,"column":20},"end":{"line":514,"column":36}},"line":514},"27":{"name":"(anonymous_27)","decl":{"start":{"line":529,"column":13},"end":{"line":529,"column":14}},"loc":{"start":{"line":529,"column":20},"end":{"line":529,"column":50}},"line":529},"28":{"name":"(anonymous_28)","decl":{"start":{"line":543,"column":19},"end":{"line":543,"column":20}},"loc":{"start":{"line":543,"column":26},"end":{"line":543,"column":58}},"line":543},"29":{"name":"(anonymous_29)","decl":{"start":{"line":545,"column":41},"end":{"line":545,"column":42}},"loc":{"start":{"line":545,"column":48},"end":{"line":545,"column":64}},"line":545},"30":{"name":"(anonymous_30)","decl":{"start":{"line":552,"column":32},"end":{"line":552,"column":33}},"loc":{"start":{"line":552,"column":39},"end":{"line":552,"column":44}},"line":552},"31":{"name":"(anonymous_31)","decl":{"start":{"line":556,"column":45},"end":{"line":556,"column":46}},"loc":{"start":{"line":556,"column":52},"end":{"line":556,"column":61}},"line":556},"32":{"name":"(anonymous_32)","decl":{"start":{"line":557,"column":8},"end":{"line":557,"column":9}},"loc":{"start":{"line":557,"column":15},"end":{"line":557,"column":45}},"line":557},"33":{"name":"(anonymous_33)","decl":{"start":{"line":586,"column":21},"end":{"line":586,"column":22}},"loc":{"start":{"line":586,"column":41},"end":{"line":615,"column":1}},"line":586},"34":{"name":"(anonymous_34)","decl":{"start":{"line":596,"column":30},"end":{"line":596,"column":31}},"loc":{"start":{"line":596,"column":37},"end":{"line":596,"column":58}},"line":596},"35":{"name":"(anonymous_35)","decl":{"start":{"line":621,"column":17},"end":{"line":621,"column":18}},"loc":{"start":{"line":621,"column":37},"end":{"line":653,"column":1}},"line":621},"36":{"name":"(anonymous_36)","decl":{"start":{"line":656,"column":22},"end":{"line":656,"column":23}},"loc":{"start":{"line":656,"column":42},"end":{"line":672,"column":1}},"line":656}},"branchMap":{"0":{"loc":{"start":{"line":16,"column":2},"end":{"line":23,"column":3}},"type":"if","locations":[{"start":{"line":16,"column":2},"end":{"line":23,"column":3}},{"start":{},"end":{}}],"line":16},"1":{"loc":{"start":{"line":36,"column":2},"end":{"line":38,"column":3}},"type":"if","locations":[{"start":{"line":36,"column":2},"end":{"line":38,"column":3}},{"start":{},"end":{}}],"line":36},"2":{"loc":{"start":{"line":40,"column":2},"end":{"line":42,"column":3}},"type":"if","locations":[{"start":{"line":40,"column":2},"end":{"line":42,"column":3}},{"start":{},"end":{}}],"line":40},"3":{"loc":{"start":{"line":49,"column":2},"end":{"line":51,"column":3}},"type":"if","locations":[{"start":{"line":49,"column":2},"end":{"line":51,"column":3}},{"start":{},"end":{}}],"line":49},"4":{"loc":{"start":{"line":49,"column":6},"end":{"line":49,"column":53}},"type":"binary-expr","locations":[{"start":{"line":49,"column":6},"end":{"line":49,"column":23}},{"start":{"line":49,"column":27},"end":{"line":49,"column":39}},{"start":{"line":49,"column":43},"end":{"line":49,"column":53}}],"line":49},"5":{"loc":{"start":{"line":53,"column":2},"end":{"line":60,"column":3}},"type":"if","locations":[{"start":{"line":53,"column":2},"end":{"line":60,"column":3}},{"start":{},"end":{}}],"line":53},"6":{"loc":{"start":{"line":54,"column":4},"end":{"line":58,"column":5}},"type":"if","locations":[{"start":{"line":54,"column":4},"end":{"line":58,"column":5}},{"start":{},"end":{}}],"line":54},"7":{"loc":{"start":{"line":54,"column":8},"end":{"line":54,"column":40}},"type":"binary-expr","locations":[{"start":{"line":54,"column":8},"end":{"line":54,"column":29}},{"start":{"line":54,"column":33},"end":{"line":54,"column":40}}],"line":54},"8":{"loc":{"start":{"line":62,"column":2},"end":{"line":70,"column":3}},"type":"if","locations":[{"start":{"line":62,"column":2},"end":{"line":70,"column":3}},{"start":{},"end":{}}],"line":62},"9":{"loc":{"start":{"line":64,"column":4},"end":{"line":68,"column":5}},"type":"if","locations":[{"start":{"line":64,"column":4},"end":{"line":68,"column":5}},{"start":{},"end":{}}],"line":64},"10":{"loc":{"start":{"line":85,"column":2},"end":{"line":87,"column":3}},"type":"if","locations":[{"start":{"line":85,"column":2},"end":{"line":87,"column":3}},{"start":{},"end":{}}],"line":85},"11":{"loc":{"start":{"line":85,"column":6},"end":{"line":85,"column":44}},"type":"binary-expr","locations":[{"start":{"line":85,"column":6},"end":{"line":85,"column":27}},{"start":{"line":85,"column":31},"end":{"line":85,"column":44}}],"line":85},"12":{"loc":{"start":{"line":93,"column":2},"end":{"line":95,"column":3}},"type":"if","locations":[{"start":{"line":93,"column":2},"end":{"line":95,"column":3}},{"start":{},"end":{}}],"line":93},"13":{"loc":{"start":{"line":108,"column":4},"end":{"line":124,"column":5}},"type":"if","locations":[{"start":{"line":108,"column":4},"end":{"line":124,"column":5}},{"start":{},"end":{}}],"line":108},"14":{"loc":{"start":{"line":115,"column":6},"end":{"line":123,"column":7}},"type":"if","locations":[{"start":{"line":115,"column":6},"end":{"line":123,"column":7}},{"start":{"line":117,"column":13},"end":{"line":123,"column":7}}],"line":115},"15":{"loc":{"start":{"line":117,"column":13},"end":{"line":123,"column":7}},"type":"if","locations":[{"start":{"line":117,"column":13},"end":{"line":123,"column":7}},{"start":{},"end":{}}],"line":117},"16":{"loc":{"start":{"line":126,"column":4},"end":{"line":131,"column":5}},"type":"if","locations":[{"start":{"line":126,"column":4},"end":{"line":131,"column":5}},{"start":{"line":129,"column":11},"end":{"line":131,"column":5}}],"line":126},"17":{"loc":{"start":{"line":135,"column":2},"end":{"line":139,"column":3}},"type":"if","locations":[{"start":{"line":135,"column":2},"end":{"line":139,"column":3}},{"start":{},"end":{}}],"line":135},"18":{"loc":{"start":{"line":158,"column":4},"end":{"line":158,"column":75}},"type":"if","locations":[{"start":{"line":158,"column":4},"end":{"line":158,"column":75}},{"start":{},"end":{}}],"line":158},"19":{"loc":{"start":{"line":161,"column":18},"end":{"line":161,"column":28}},"type":"default-arg","locations":[{"start":{"line":161,"column":26},"end":{"line":161,"column":28}}],"line":161},"20":{"loc":{"start":{"line":161,"column":30},"end":{"line":161,"column":38}},"type":"default-arg","locations":[{"start":{"line":161,"column":37},"end":{"line":161,"column":38}}],"line":161},"21":{"loc":{"start":{"line":168,"column":4},"end":{"line":170,"column":5}},"type":"if","locations":[{"start":{"line":168,"column":4},"end":{"line":170,"column":5}},{"start":{},"end":{}}],"line":168},"22":{"loc":{"start":{"line":168,"column":8},"end":{"line":168,"column":35}},"type":"binary-expr","locations":[{"start":{"line":168,"column":8},"end":{"line":168,"column":12}},{"start":{"line":168,"column":16},"end":{"line":168,"column":35}}],"line":168},"23":{"loc":{"start":{"line":172,"column":25},"end":{"line":172,"column":44}},"type":"binary-expr","locations":[{"start":{"line":172,"column":25},"end":{"line":172,"column":38}},{"start":{"line":172,"column":42},"end":{"line":172,"column":44}}],"line":172},"24":{"loc":{"start":{"line":173,"column":16},"end":{"line":173,"column":33}},"type":"binary-expr","locations":[{"start":{"line":173,"column":16},"end":{"line":173,"column":28}},{"start":{"line":173,"column":32},"end":{"line":173,"column":33}}],"line":173},"25":{"loc":{"start":{"line":187,"column":32},"end":{"line":189,"column":12}},"type":"cond-expr","locations":[{"start":{"line":188,"column":10},"end":{"line":188,"column":35}},{"start":{"line":189,"column":10},"end":{"line":189,"column":12}}],"line":187},"26":{"loc":{"start":{"line":191,"column":35},"end":{"line":195,"column":12}},"type":"cond-expr","locations":[{"start":{"line":192,"column":10},"end":{"line":194,"column":35}},{"start":{"line":195,"column":10},"end":{"line":195,"column":12}}],"line":191},"27":{"loc":{"start":{"line":193,"column":27},"end":{"line":193,"column":62}},"type":"binary-expr","locations":[{"start":{"line":193,"column":27},"end":{"line":193,"column":28}},{"start":{"line":193,"column":32},"end":{"line":193,"column":48}},{"start":{"line":193,"column":52},"end":{"line":193,"column":62}}],"line":193},"28":{"loc":{"start":{"line":198,"column":8},"end":{"line":198,"column":79}},"type":"cond-expr","locations":[{"start":{"line":198,"column":39},"end":{"line":198,"column":56}},{"start":{"line":198,"column":59},"end":{"line":198,"column":79}}],"line":198},"29":{"loc":{"start":{"line":200,"column":31},"end":{"line":202,"column":12}},"type":"cond-expr","locations":[{"start":{"line":201,"column":10},"end":{"line":201,"column":30}},{"start":{"line":202,"column":10},"end":{"line":202,"column":12}}],"line":200},"30":{"loc":{"start":{"line":203,"column":28},"end":{"line":205,"column":12}},"type":"cond-expr","locations":[{"start":{"line":204,"column":10},"end":{"line":204,"column":27}},{"start":{"line":205,"column":10},"end":{"line":205,"column":12}}],"line":203},"31":{"loc":{"start":{"line":214,"column":19},"end":{"line":214,"column":52}},"type":"binary-expr","locations":[{"start":{"line":214,"column":19},"end":{"line":214,"column":32}},{"start":{"line":214,"column":36},"end":{"line":214,"column":52}}],"line":214},"32":{"loc":{"start":{"line":240,"column":4},"end":{"line":240,"column":74}},"type":"if","locations":[{"start":{"line":240,"column":4},"end":{"line":240,"column":74}},{"start":{},"end":{}}],"line":240},"33":{"loc":{"start":{"line":241,"column":4},"end":{"line":243,"column":5}},"type":"if","locations":[{"start":{"line":241,"column":4},"end":{"line":243,"column":5}},{"start":{},"end":{}}],"line":241},"34":{"loc":{"start":{"line":257,"column":6},"end":{"line":257,"column":30}},"type":"default-arg","locations":[{"start":{"line":257,"column":28},"end":{"line":257,"column":30}}],"line":257},"35":{"loc":{"start":{"line":261,"column":4},"end":{"line":263,"column":5}},"type":"if","locations":[{"start":{"line":261,"column":4},"end":{"line":263,"column":5}},{"start":{},"end":{}}],"line":261},"36":{"loc":{"start":{"line":261,"column":8},"end":{"line":261,"column":37}},"type":"binary-expr","locations":[{"start":{"line":261,"column":8},"end":{"line":261,"column":13}},{"start":{"line":261,"column":17},"end":{"line":261,"column":37}}],"line":261},"37":{"loc":{"start":{"line":266,"column":4},"end":{"line":270,"column":5}},"type":"if","locations":[{"start":{"line":266,"column":4},"end":{"line":270,"column":5}},{"start":{},"end":{}}],"line":266},"38":{"loc":{"start":{"line":266,"column":8},"end":{"line":266,"column":43}},"type":"binary-expr","locations":[{"start":{"line":266,"column":8},"end":{"line":266,"column":16}},{"start":{"line":266,"column":20},"end":{"line":266,"column":43}}],"line":266},"39":{"loc":{"start":{"line":272,"column":4},"end":{"line":276,"column":5}},"type":"if","locations":[{"start":{"line":272,"column":4},"end":{"line":276,"column":5}},{"start":{},"end":{}}],"line":272},"40":{"loc":{"start":{"line":287,"column":29},"end":{"line":289,"column":10}},"type":"cond-expr","locations":[{"start":{"line":288,"column":8},"end":{"line":288,"column":66}},{"start":{"line":289,"column":8},"end":{"line":289,"column":10}}],"line":287},"41":{"loc":{"start":{"line":291,"column":26},"end":{"line":293,"column":10}},"type":"cond-expr","locations":[{"start":{"line":292,"column":8},"end":{"line":292,"column":63}},{"start":{"line":293,"column":8},"end":{"line":293,"column":10}}],"line":291},"42":{"loc":{"start":{"line":295,"column":34},"end":{"line":297,"column":10}},"type":"cond-expr","locations":[{"start":{"line":296,"column":8},"end":{"line":296,"column":86}},{"start":{"line":297,"column":8},"end":{"line":297,"column":10}}],"line":295},"43":{"loc":{"start":{"line":304,"column":6},"end":{"line":312,"column":7}},"type":"if","locations":[{"start":{"line":304,"column":6},"end":{"line":312,"column":7}},{"start":{"line":306,"column":13},"end":{"line":312,"column":7}}],"line":304},"44":{"loc":{"start":{"line":304,"column":10},"end":{"line":304,"column":54}},"type":"binary-expr","locations":[{"start":{"line":304,"column":10},"end":{"line":304,"column":34}},{"start":{"line":304,"column":38},"end":{"line":304,"column":54}}],"line":304},"45":{"loc":{"start":{"line":314,"column":6},"end":{"line":322,"column":7}},"type":"if","locations":[{"start":{"line":314,"column":6},"end":{"line":322,"column":7}},{"start":{"line":316,"column":13},"end":{"line":322,"column":7}}],"line":314},"46":{"loc":{"start":{"line":314,"column":10},"end":{"line":314,"column":48}},"type":"binary-expr","locations":[{"start":{"line":314,"column":10},"end":{"line":314,"column":31}},{"start":{"line":314,"column":35},"end":{"line":314,"column":48}}],"line":314},"47":{"loc":{"start":{"line":328,"column":11},"end":{"line":328,"column":76}},"type":"cond-expr","locations":[{"start":{"line":328,"column":41},"end":{"line":328,"column":60}},{"start":{"line":328,"column":63},"end":{"line":328,"column":76}}],"line":328},"48":{"loc":{"start":{"line":328,"column":11},"end":{"line":328,"column":38}},"type":"binary-expr","locations":[{"start":{"line":328,"column":11},"end":{"line":328,"column":15}},{"start":{"line":328,"column":19},"end":{"line":328,"column":38}}],"line":328},"49":{"loc":{"start":{"line":332,"column":4},"end":{"line":340,"column":5}},"type":"if","locations":[{"start":{"line":332,"column":4},"end":{"line":340,"column":5}},{"start":{},"end":{}}],"line":332},"50":{"loc":{"start":{"line":334,"column":6},"end":{"line":338,"column":7}},"type":"if","locations":[{"start":{"line":334,"column":6},"end":{"line":338,"column":7}},{"start":{},"end":{}}],"line":334},"51":{"loc":{"start":{"line":334,"column":10},"end":{"line":334,"column":38}},"type":"binary-expr","locations":[{"start":{"line":334,"column":10},"end":{"line":334,"column":29}},{"start":{"line":334,"column":33},"end":{"line":334,"column":38}}],"line":334},"52":{"loc":{"start":{"line":344,"column":4},"end":{"line":353,"column":5}},"type":"if","locations":[{"start":{"line":344,"column":4},"end":{"line":353,"column":5}},{"start":{"line":351,"column":11},"end":{"line":353,"column":5}}],"line":344},"53":{"loc":{"start":{"line":345,"column":6},"end":{"line":349,"column":7}},"type":"if","locations":[{"start":{"line":345,"column":6},"end":{"line":349,"column":7}},{"start":{},"end":{}}],"line":345},"54":{"loc":{"start":{"line":359,"column":4},"end":{"line":375,"column":5}},"type":"if","locations":[{"start":{"line":359,"column":4},"end":{"line":375,"column":5}},{"start":{},"end":{}}],"line":359},"55":{"loc":{"start":{"line":365,"column":6},"end":{"line":373,"column":7}},"type":"if","locations":[{"start":{"line":365,"column":6},"end":{"line":373,"column":7}},{"start":{},"end":{}}],"line":365},"56":{"loc":{"start":{"line":396,"column":4},"end":{"line":398,"column":5}},"type":"if","locations":[{"start":{"line":396,"column":4},"end":{"line":398,"column":5}},{"start":{},"end":{}}],"line":396},"57":{"loc":{"start":{"line":399,"column":4},"end":{"line":399,"column":58}},"type":"if","locations":[{"start":{"line":399,"column":4},"end":{"line":399,"column":58}},{"start":{},"end":{}}],"line":399},"58":{"loc":{"start":{"line":400,"column":4},"end":{"line":400,"column":68}},"type":"if","locations":[{"start":{"line":400,"column":4},"end":{"line":400,"column":68}},{"start":{},"end":{}}],"line":400},"59":{"loc":{"start":{"line":431,"column":4},"end":{"line":434,"column":61}},"type":"if","locations":[{"start":{"line":431,"column":4},"end":{"line":434,"column":61}},{"start":{},"end":{}}],"line":431},"60":{"loc":{"start":{"line":443,"column":4},"end":{"line":445,"column":5}},"type":"if","locations":[{"start":{"line":443,"column":4},"end":{"line":445,"column":5}},{"start":{},"end":{}}],"line":443},"61":{"loc":{"start":{"line":448,"column":4},"end":{"line":448,"column":72}},"type":"if","locations":[{"start":{"line":448,"column":4},"end":{"line":448,"column":72}},{"start":{},"end":{}}],"line":448},"62":{"loc":{"start":{"line":452,"column":4},"end":{"line":456,"column":5}},"type":"if","locations":[{"start":{"line":452,"column":4},"end":{"line":456,"column":5}},{"start":{},"end":{}}],"line":452},"63":{"loc":{"start":{"line":472,"column":4},"end":{"line":475,"column":5}},"type":"if","locations":[{"start":{"line":472,"column":4},"end":{"line":475,"column":5}},{"start":{},"end":{}}],"line":472},"64":{"loc":{"start":{"line":472,"column":8},"end":{"line":472,"column":76}},"type":"binary-expr","locations":[{"start":{"line":472,"column":8},"end":{"line":472,"column":32}},{"start":{"line":472,"column":36},"end":{"line":472,"column":54}},{"start":{"line":472,"column":58},"end":{"line":472,"column":76}}],"line":472},"65":{"loc":{"start":{"line":478,"column":4},"end":{"line":480,"column":5}},"type":"if","locations":[{"start":{"line":478,"column":4},"end":{"line":480,"column":5}},{"start":{},"end":{}}],"line":478},"66":{"loc":{"start":{"line":483,"column":4},"end":{"line":494,"column":5}},"type":"if","locations":[{"start":{"line":483,"column":4},"end":{"line":494,"column":5}},{"start":{},"end":{}}],"line":483},"67":{"loc":{"start":{"line":486,"column":8},"end":{"line":490,"column":9}},"type":"if","locations":[{"start":{"line":486,"column":8},"end":{"line":490,"column":9}},{"start":{"line":488,"column":15},"end":{"line":490,"column":9}}],"line":486},"68":{"loc":{"start":{"line":497,"column":4},"end":{"line":510,"column":5}},"type":"if","locations":[{"start":{"line":497,"column":4},"end":{"line":510,"column":5}},{"start":{},"end":{}}],"line":497},"69":{"loc":{"start":{"line":512,"column":4},"end":{"line":524,"column":5}},"type":"if","locations":[{"start":{"line":512,"column":4},"end":{"line":524,"column":5}},{"start":{},"end":{}}],"line":512},"70":{"loc":{"start":{"line":527,"column":4},"end":{"line":560,"column":5}},"type":"if","locations":[{"start":{"line":527,"column":4},"end":{"line":560,"column":5}},{"start":{},"end":{}}],"line":527},"71":{"loc":{"start":{"line":536,"column":6},"end":{"line":553,"column":7}},"type":"if","locations":[{"start":{"line":536,"column":6},"end":{"line":553,"column":7}},{"start":{},"end":{}}],"line":536},"72":{"loc":{"start":{"line":546,"column":8},"end":{"line":550,"column":9}},"type":"if","locations":[{"start":{"line":546,"column":8},"end":{"line":550,"column":9}},{"start":{},"end":{}}],"line":546},"73":{"loc":{"start":{"line":564,"column":4},"end":{"line":566,"column":5}},"type":"if","locations":[{"start":{"line":564,"column":4},"end":{"line":566,"column":5}},{"start":{},"end":{}}],"line":564},"74":{"loc":{"start":{"line":564,"column":8},"end":{"line":564,"column":76}},"type":"binary-expr","locations":[{"start":{"line":564,"column":8},"end":{"line":564,"column":37}},{"start":{"line":564,"column":41},"end":{"line":564,"column":76}}],"line":564},"75":{"loc":{"start":{"line":568,"column":4},"end":{"line":570,"column":5}},"type":"if","locations":[{"start":{"line":568,"column":4},"end":{"line":570,"column":5}},{"start":{},"end":{}}],"line":568},"76":{"loc":{"start":{"line":568,"column":8},"end":{"line":568,"column":68}},"type":"binary-expr","locations":[{"start":{"line":568,"column":8},"end":{"line":568,"column":39}},{"start":{"line":568,"column":43},"end":{"line":568,"column":68}}],"line":568},"77":{"loc":{"start":{"line":589,"column":4},"end":{"line":590,"column":55}},"type":"if","locations":[{"start":{"line":589,"column":4},"end":{"line":590,"column":55}},{"start":{},"end":{}}],"line":589},"78":{"loc":{"start":{"line":593,"column":4},"end":{"line":593,"column":72}},"type":"if","locations":[{"start":{"line":593,"column":4},"end":{"line":593,"column":72}},{"start":{},"end":{}}],"line":593},"79":{"loc":{"start":{"line":596,"column":4},"end":{"line":600,"column":5}},"type":"if","locations":[{"start":{"line":596,"column":4},"end":{"line":600,"column":5}},{"start":{},"end":{}}],"line":596},"80":{"loc":{"start":{"line":624,"column":4},"end":{"line":624,"column":75}},"type":"if","locations":[{"start":{"line":624,"column":4},"end":{"line":624,"column":75}},{"start":{},"end":{}}],"line":624},"81":{"loc":{"start":{"line":626,"column":18},"end":{"line":626,"column":28}},"type":"default-arg","locations":[{"start":{"line":626,"column":26},"end":{"line":626,"column":28}}],"line":626},"82":{"loc":{"start":{"line":626,"column":30},"end":{"line":626,"column":38}},"type":"default-arg","locations":[{"start":{"line":626,"column":37},"end":{"line":626,"column":38}}],"line":626},"83":{"loc":{"start":{"line":627,"column":4},"end":{"line":629,"column":5}},"type":"if","locations":[{"start":{"line":627,"column":4},"end":{"line":629,"column":5}},{"start":{},"end":{}}],"line":627},"84":{"loc":{"start":{"line":627,"column":8},"end":{"line":627,"column":37}},"type":"binary-expr","locations":[{"start":{"line":627,"column":8},"end":{"line":627,"column":13}},{"start":{"line":627,"column":17},"end":{"line":627,"column":37}}],"line":627},"85":{"loc":{"start":{"line":638,"column":25},"end":{"line":638,"column":44}},"type":"binary-expr","locations":[{"start":{"line":638,"column":25},"end":{"line":638,"column":38}},{"start":{"line":638,"column":42},"end":{"line":638,"column":44}}],"line":638},"86":{"loc":{"start":{"line":639,"column":16},"end":{"line":639,"column":33}},"type":"binary-expr","locations":[{"start":{"line":639,"column":16},"end":{"line":639,"column":28}},{"start":{"line":639,"column":32},"end":{"line":639,"column":33}}],"line":639},"87":{"loc":{"start":{"line":658,"column":4},"end":{"line":660,"column":5}},"type":"if","locations":[{"start":{"line":658,"column":4},"end":{"line":660,"column":5}},{"start":{},"end":{}}],"line":658}},"s":{"0":1,"1":1,"2":1,"3":0,"4":0,"5":0,"6":0,"7":0,"8":0,"9":0,"10":0,"11":0,"12":0,"13":0,"14":0,"15":0,"16":0,"17":0,"18":0,"19":0,"20":0,"21":0,"22":0,"23":0,"24":0,"25":0,"26":0,"27":0,"28":0,"29":0,"30":0,"31":0,"32":0,"33":0,"34":0,"35":0,"36":0,"37":0,"38":0,"39":0,"40":0,"41":0,"42":0,"43":0,"44":0,"45":0,"46":0,"47":0,"48":0,"49":0,"50":0,"51":0,"52":0,"53":0,"54":0,"55":0,"56":0,"57":1,"58":0,"59":0,"60":0,"61":0,"62":0,"63":0,"64":0,"65":0,"66":0,"67":0,"68":0,"69":0,"70":0,"71":0,"72":0,"73":0,"74":0,"75":0,"76":0,"77":0,"78":0,"79":0,"80":0,"81":0,"82":0,"83":1,"84":0,"85":0,"86":0,"87":0,"88":0,"89":0,"90":0,"91":0,"92":0,"93":0,"94":0,"95":0,"96":0,"97":0,"98":0,"99":0,"100":0,"101":0,"102":0,"103":0,"104":0,"105":0,"106":0,"107":0,"108":0,"109":0,"110":0,"111":0,"112":0,"113":0,"114":0,"115":0,"116":0,"117":0,"118":0,"119":0,"120":0,"121":0,"122":0,"123":0,"124":0,"125":0,"126":0,"127":0,"128":0,"129":0,"130":0,"131":0,"132":0,"133":0,"134":0,"135":0,"136":0,"137":0,"138":0,"139":0,"140":0,"141":0,"142":0,"143":0,"144":0,"145":0,"146":0,"147":0,"148":0,"149":0,"150":0,"151":0,"152":0,"153":0,"154":0,"155":0,"156":0,"157":1,"158":0,"159":0,"160":0,"161":0,"162":0,"163":0,"164":0,"165":0,"166":0,"167":0,"168":0,"169":0,"170":0,"171":0,"172":0,"173":0,"174":0,"175":0,"176":0,"177":0,"178":0,"179":0,"180":0,"181":0,"182":0,"183":0,"184":0,"185":0,"186":0,"187":0,"188":0,"189":0,"190":0,"191":0,"192":0,"193":0,"194":0,"195":0,"196":0,"197":0,"198":0,"199":0,"200":0,"201":0,"202":0,"203":0,"204":0,"205":0,"206":0,"207":0,"208":0,"209":0,"210":0,"211":0,"212":0,"213":0,"214":0,"215":0,"216":0,"217":0,"218":0,"219":0,"220":0,"221":0,"222":0,"223":1,"224":0,"225":0,"226":0,"227":0,"228":0,"229":0,"230":0,"231":0,"232":0,"233":0,"234":0,"235":0,"236":0,"237":0,"238":0,"239":0,"240":1,"241":0,"242":0,"243":0,"244":0,"245":0,"246":0,"247":0,"248":0,"249":0,"250":0,"251":0,"252":0,"253":0,"254":0,"255":0,"256":1,"257":0,"258":0,"259":0,"260":0,"261":0,"262":0,"263":0},"f":{"0":0,"1":0,"2":0,"3":0,"4":0,"5":0,"6":0,"7":0,"8":0,"9":0,"10":0,"11":0,"12":0,"13":0,"14":0,"15":0,"16":0,"17":0,"18":0,"19":0,"20":0,"21":0,"22":0,"23":0,"24":0,"25":0,"26":0,"27":0,"28":0,"29":0,"30":0,"31":0,"32":0,"33":0,"34":0,"35":0,"36":0},"b":{"0":[0,0],"1":[0,0],"2":[0,0],"3":[0,0],"4":[0,0,0],"5":[0,0],"6":[0,0],"7":[0,0],"8":[0,0],"9":[0,0],"10":[0,0],"11":[0,0],"12":[0,0],"13":[0,0],"14":[0,0],"15":[0,0],"16":[0,0],"17":[0,0],"18":[0,0],"19":[0],"20":[0],"21":[0,0],"22":[0,0],"23":[0,0],"24":[0,0],"25":[0,0],"26":[0,0],"27":[0,0,0],"28":[0,0],"29":[0,0],"30":[0,0],"31":[0,0],"32":[0,0],"33":[0,0],"34":[0],"35":[0,0],"36":[0,0],"37":[0,0],"38":[0,0],"39":[0,0],"40":[0,0],"41":[0,0],"42":[0,0],"43":[0,0],"44":[0,0],"45":[0,0],"46":[0,0],"47":[0,0],"48":[0,0],"49":[0,0],"50":[0,0],"51":[0,0],"52":[0,0],"53":[0,0],"54":[0,0],"55":[0,0],"56":[0,0],"57":[0,0],"58":[0,0],"59":[0,0],"60":[0,0],"61":[0,0],"62":[0,0],"63":[0,0],"64":[0,0,0],"65":[0,0],"66":[0,0],"67":[0,0],"68":[0,0],"69":[0,0],"70":[0,0],"71":[0,0],"72":[0,0],"73":[0,0],"74":[0,0],"75":[0,0],"76":[0,0],"77":[0,0],"78":[0,0],"79":[0,0],"80":[0,0],"81":[0],"82":[0],"83":[0,0],"84":[0,0],"85":[0,0],"86":[0,0],"87":[0,0]},"_coverageSchema":"1a1c01bbd47fc00a2c39e90264f33305004495a9","hash":"fe96a5c0864679b53d352c97ae990ba60183938e"}
,"/media/ssd0/vscode-projects/COP4331/POOSD-Large-Project/backend/controllers/globalGames.controller.js": {"path":"/media/ssd0/vscode-projects/COP4331/POOSD-Large-Project/backend/controllers/globalGames.controller.js","statementMap":{"0":{"start":{"line":1,"column":28},"end":{"line":1,"column":44}},"1":{"start":{"line":2,"column":28},"end":{"line":2,"column":44}},"2":{"start":{"line":3,"column":18},"end":{"line":3,"column":50}},"3":{"start":{"line":4,"column":21},"end":{"line":4,"column":56}},"4":{"start":{"line":7,"column":2},"end":{"line":7,"column":50}},"5":{"start":{"line":10,"column":0},"end":{"line":39,"column":2}},"6":{"start":{"line":11,"column":2},"end":{"line":38,"column":3}},"7":{"start":{"line":12,"column":17},"end":{"line":12,"column":65}},"8":{"start":{"line":13,"column":21},"end":{"line":13,"column":71}},"9":{"start":{"line":14,"column":18},"end":{"line":14,"column":40}},"10":{"start":{"line":16,"column":17},"end":{"line":16,"column":60}},"11":{"start":{"line":18,"column":27},"end":{"line":21,"column":6}},"12":{"start":{"line":23,"column":23},"end":{"line":23,"column":60}},"13":{"start":{"line":24,"column":4},"end":{"line":34,"column":7}},"14":{"start":{"line":36,"column":4},"end":{"line":36,"column":45}},"15":{"start":{"line":37,"column":4},"end":{"line":37,"column":62}},"16":{"start":{"line":41,"column":0},"end":{"line":82,"column":2}},"17":{"start":{"line":43,"column":2},"end":{"line":80,"column":3}},"18":{"start":{"line":44,"column":21},"end":{"line":44,"column":71}},"19":{"start":{"line":45,"column":18},"end":{"line":45,"column":40}},"20":{"start":{"line":47,"column":19},"end":{"line":47,"column":57}},"21":{"start":{"line":49,"column":4},"end":{"line":75,"column":5}},"22":{"start":{"line":50,"column":22},"end":{"line":50,"column":83}},"23":{"start":{"line":51,"column":23},"end":{"line":53,"column":23}},"24":{"start":{"line":52,"column":21},"end":{"line":52,"column":39}},"25":{"start":{"line":53,"column":18},"end":{"line":53,"column":22}},"26":{"start":{"line":55,"column":32},"end":{"line":55,"column":119}},"27":{"start":{"line":57,"column":19},"end":{"line":57,"column":103}},"28":{"start":{"line":59,"column":21},"end":{"line":59,"column":40}},"29":{"start":{"line":59,"column":35},"end":{"line":59,"column":39}},"30":{"start":{"line":60,"column":20},"end":{"line":60,"column":74}},"31":{"start":{"line":62,"column":24},"end":{"line":62,"column":58}},"32":{"start":{"line":62,"column":47},"end":{"line":62,"column":56}},"33":{"start":{"line":63,"column":22},"end":{"line":64,"column":24}},"34":{"start":{"line":63,"column":37},"end":{"line":63,"column":80}},"35":{"start":{"line":66,"column":6},"end":{"line":66,"column":52}},"36":{"start":{"line":70,"column":20},"end":{"line":72,"column":35}},"37":{"start":{"line":74,"column":6},"end":{"line":74,"column":50}},"38":{"start":{"line":78,"column":4},"end":{"line":78,"column":52}},"39":{"start":{"line":79,"column":4},"end":{"line":79,"column":69}},"40":{"start":{"line":84,"column":0},"end":{"line":213,"column":2}},"41":{"start":{"line":85,"column":2},"end":{"line":212,"column":3}},"42":{"start":{"line":86,"column":17},"end":{"line":86,"column":43}},"43":{"start":{"line":87,"column":25},"end":{"line":87,"column":80}},"44":{"start":{"line":88,"column":25},"end":{"line":88,"column":55}},"45":{"start":{"line":90,"column":4},"end":{"line":95,"column":5}},"46":{"start":{"line":91,"column":6},"end":{"line":94,"column":9}},"47":{"start":{"line":97,"column":17},"end":{"line":97,"column":65}},"48":{"start":{"line":98,"column":18},"end":{"line":98,"column":69}},"49":{"start":{"line":99,"column":17},"end":{"line":99,"column":35}},"50":{"start":{"line":101,"column":28},"end":{"line":101,"column":30}},"51":{"start":{"line":103,"column":4},"end":{"line":106,"column":5}},"52":{"start":{"line":104,"column":28},"end":{"line":104,"column":62}},"53":{"start":{"line":105,"column":6},"end":{"line":105,"column":55}},"54":{"start":{"line":108,"column":4},"end":{"line":117,"column":5}},"55":{"start":{"line":109,"column":24},"end":{"line":111,"column":46}},"56":{"start":{"line":110,"column":41},"end":{"line":110,"column":57}},"57":{"start":{"line":113,"column":29},"end":{"line":113,"column":63}},"58":{"start":{"line":113,"column":52},"end":{"line":113,"column":62}},"59":{"start":{"line":114,"column":6},"end":{"line":116,"column":7}},"60":{"start":{"line":115,"column":8},"end":{"line":115,"column":60}},"61":{"start":{"line":119,"column":4},"end":{"line":121,"column":5}},"62":{"start":{"line":120,"column":6},"end":{"line":120,"column":59}},"63":{"start":{"line":123,"column":4},"end":{"line":126,"column":5}},"64":{"start":{"line":124,"column":28},"end":{"line":124,"column":62}},"65":{"start":{"line":125,"column":6},"end":{"line":125,"column":55}},"66":{"start":{"line":128,"column":4},"end":{"line":137,"column":5}},"67":{"start":{"line":129,"column":24},"end":{"line":131,"column":46}},"68":{"start":{"line":130,"column":41},"end":{"line":130,"column":57}},"69":{"start":{"line":133,"column":29},"end":{"line":133,"column":63}},"70":{"start":{"line":133,"column":52},"end":{"line":133,"column":62}},"71":{"start":{"line":134,"column":6},"end":{"line":136,"column":7}},"72":{"start":{"line":135,"column":8},"end":{"line":135,"column":60}},"73":{"start":{"line":139,"column":4},"end":{"line":141,"column":5}},"74":{"start":{"line":140,"column":6},"end":{"line":140,"column":59}},"75":{"start":{"line":143,"column":21},"end":{"line":189,"column":5}},"76":{"start":{"line":191,"column":20},"end":{"line":191,"column":50}},"77":{"start":{"line":193,"column":18},"end":{"line":193,"column":60}},"78":{"start":{"line":195,"column":23},"end":{"line":195,"column":60}},"79":{"start":{"line":197,"column":4},"end":{"line":207,"column":7}},"80":{"start":{"line":210,"column":4},"end":{"line":210,"column":45}},"81":{"start":{"line":211,"column":4},"end":{"line":211,"column":62}},"82":{"start":{"line":215,"column":0},"end":{"line":234,"column":2}},"83":{"start":{"line":217,"column":2},"end":{"line":233,"column":3}},"84":{"start":{"line":218,"column":20},"end":{"line":218,"column":70}},"85":{"start":{"line":219,"column":4},"end":{"line":219,"column":75}},"86":{"start":{"line":219,"column":18},"end":{"line":219,"column":75}},"87":{"start":{"line":221,"column":20},"end":{"line":221,"column":82}},"88":{"start":{"line":222,"column":21},"end":{"line":222,"column":62}},"89":{"start":{"line":222,"column":57},"end":{"line":222,"column":61}},"90":{"start":{"line":224,"column":30},"end":{"line":224,"column":118}},"91":{"start":{"line":226,"column":28},"end":{"line":226,"column":112}},"92":{"start":{"line":228,"column":4},"end":{"line":228,"column":41}},"93":{"start":{"line":231,"column":4},"end":{"line":231,"column":49}},"94":{"start":{"line":232,"column":4},"end":{"line":232,"column":74}},"95":{"start":{"line":236,"column":0},"end":{"line":276,"column":2}},"96":{"start":{"line":237,"column":2},"end":{"line":275,"column":3}},"97":{"start":{"line":238,"column":19},"end":{"line":238,"column":32}},"98":{"start":{"line":239,"column":4},"end":{"line":239,"column":74}},"99":{"start":{"line":239,"column":17},"end":{"line":239,"column":74}},"100":{"start":{"line":241,"column":25},"end":{"line":241,"column":33}},"101":{"start":{"line":242,"column":4},"end":{"line":244,"column":5}},"102":{"start":{"line":243,"column":6},"end":{"line":243,"column":100}},"103":{"start":{"line":246,"column":19},"end":{"line":246,"column":73}},"104":{"start":{"line":247,"column":4},"end":{"line":249,"column":5}},"105":{"start":{"line":248,"column":6},"end":{"line":248,"column":77}},"106":{"start":{"line":251,"column":18},"end":{"line":259,"column":5}},"107":{"start":{"line":261,"column":20},"end":{"line":265,"column":12}},"108":{"start":{"line":267,"column":18},"end":{"line":267,"column":68}},"109":{"start":{"line":267,"column":47},"end":{"line":267,"column":58}},"110":{"start":{"line":269,"column":4},"end":{"line":272,"column":7}},"111":{"start":{"line":274,"column":4},"end":{"line":274,"column":62}},"112":{"start":{"line":278,"column":0},"end":{"line":347,"column":2}},"113":{"start":{"line":279,"column":2},"end":{"line":279,"column":60}},"114":{"start":{"line":280,"column":2},"end":{"line":346,"column":3}},"115":{"start":{"line":281,"column":19},"end":{"line":281,"column":46}},"116":{"start":{"line":282,"column":4},"end":{"line":284,"column":5}},"117":{"start":{"line":283,"column":6},"end":{"line":283,"column":74}},"118":{"start":{"line":286,"column":21},"end":{"line":335,"column":5}},"119":{"start":{"line":337,"column":20},"end":{"line":337,"column":50}},"120":{"start":{"line":338,"column":4},"end":{"line":340,"column":5}},"121":{"start":{"line":339,"column":6},"end":{"line":339,"column":65}},"122":{"start":{"line":342,"column":4},"end":{"line":342,"column":32}},"123":{"start":{"line":344,"column":4},"end":{"line":344,"column":45}},"124":{"start":{"line":345,"column":4},"end":{"line":345,"column":62}}},"fnMap":{"0":{"name":"escapeRegex","decl":{"start":{"line":6,"column":9},"end":{"line":6,"column":20}},"loc":{"start":{"line":6,"column":24},"end":{"line":8,"column":1}},"line":6},"1":{"name":"(anonymous_1)","decl":{"start":{"line":10,"column":22},"end":{"line":10,"column":23}},"loc":{"start":{"line":10,"column":42},"end":{"line":39,"column":1}},"line":10},"2":{"name":"(anonymous_2)","decl":{"start":{"line":41,"column":28},"end":{"line":41,"column":29}},"loc":{"start":{"line":41,"column":48},"end":{"line":82,"column":1}},"line":41},"3":{"name":"(anonymous_3)","decl":{"start":{"line":52,"column":16},"end":{"line":52,"column":17}},"loc":{"start":{"line":52,"column":21},"end":{"line":52,"column":39}},"line":52},"4":{"name":"(anonymous_4)","decl":{"start":{"line":53,"column":13},"end":{"line":53,"column":14}},"loc":{"start":{"line":53,"column":18},"end":{"line":53,"column":22}},"line":53},"5":{"name":"(anonymous_5)","decl":{"start":{"line":59,"column":30},"end":{"line":59,"column":31}},"loc":{"start":{"line":59,"column":35},"end":{"line":59,"column":39}},"line":59},"6":{"name":"(anonymous_6)","decl":{"start":{"line":62,"column":42},"end":{"line":62,"column":43}},"loc":{"start":{"line":62,"column":47},"end":{"line":62,"column":56}},"line":62},"7":{"name":"(anonymous_7)","decl":{"start":{"line":63,"column":31},"end":{"line":63,"column":32}},"loc":{"start":{"line":63,"column":37},"end":{"line":63,"column":80}},"line":63},"8":{"name":"(anonymous_8)","decl":{"start":{"line":84,"column":22},"end":{"line":84,"column":23}},"loc":{"start":{"line":84,"column":42},"end":{"line":213,"column":1}},"line":84},"9":{"name":"(anonymous_9)","decl":{"start":{"line":110,"column":35},"end":{"line":110,"column":36}},"loc":{"start":{"line":110,"column":41},"end":{"line":110,"column":57}},"line":110},"10":{"name":"(anonymous_10)","decl":{"start":{"line":113,"column":46},"end":{"line":113,"column":47}},"loc":{"start":{"line":113,"column":52},"end":{"line":113,"column":62}},"line":113},"11":{"name":"(anonymous_11)","decl":{"start":{"line":130,"column":35},"end":{"line":130,"column":36}},"loc":{"start":{"line":130,"column":41},"end":{"line":130,"column":57}},"line":130},"12":{"name":"(anonymous_12)","decl":{"start":{"line":133,"column":46},"end":{"line":133,"column":47}},"loc":{"start":{"line":133,"column":52},"end":{"line":133,"column":62}},"line":133},"13":{"name":"(anonymous_13)","decl":{"start":{"line":215,"column":27},"end":{"line":215,"column":28}},"loc":{"start":{"line":215,"column":47},"end":{"line":234,"column":1}},"line":215},"14":{"name":"(anonymous_14)","decl":{"start":{"line":222,"column":52},"end":{"line":222,"column":53}},"loc":{"start":{"line":222,"column":57},"end":{"line":222,"column":61}},"line":222},"15":{"name":"(anonymous_15)","decl":{"start":{"line":236,"column":22},"end":{"line":236,"column":23}},"loc":{"start":{"line":236,"column":42},"end":{"line":276,"column":1}},"line":236},"16":{"name":"(anonymous_16)","decl":{"start":{"line":267,"column":42},"end":{"line":267,"column":43}},"loc":{"start":{"line":267,"column":47},"end":{"line":267,"column":58}},"line":267},"17":{"name":"(anonymous_17)","decl":{"start":{"line":278,"column":22},"end":{"line":278,"column":23}},"loc":{"start":{"line":278,"column":42},"end":{"line":347,"column":1}},"line":278}},"branchMap":{"0":{"loc":{"start":{"line":12,"column":35},"end":{"line":12,"column":56}},"type":"binary-expr","locations":[{"start":{"line":12,"column":35},"end":{"line":12,"column":49}},{"start":{"line":12,"column":53},"end":{"line":12,"column":56}}],"line":12},"1":{"loc":{"start":{"line":13,"column":39},"end":{"line":13,"column":62}},"type":"binary-expr","locations":[{"start":{"line":13,"column":39},"end":{"line":13,"column":54}},{"start":{"line":13,"column":58},"end":{"line":13,"column":62}}],"line":13},"2":{"loc":{"start":{"line":44,"column":39},"end":{"line":44,"column":62}},"type":"binary-expr","locations":[{"start":{"line":44,"column":39},"end":{"line":44,"column":54}},{"start":{"line":44,"column":58},"end":{"line":44,"column":62}}],"line":44},"3":{"loc":{"start":{"line":47,"column":19},"end":{"line":47,"column":57}},"type":"binary-expr","locations":[{"start":{"line":47,"column":19},"end":{"line":47,"column":32}},{"start":{"line":47,"column":36},"end":{"line":47,"column":49}},{"start":{"line":47,"column":53},"end":{"line":47,"column":57}}],"line":47},"4":{"loc":{"start":{"line":49,"column":4},"end":{"line":75,"column":5}},"type":"if","locations":[{"start":{"line":49,"column":4},"end":{"line":75,"column":5}},{"start":{"line":69,"column":9},"end":{"line":75,"column":5}}],"line":49},"5":{"loc":{"start":{"line":51,"column":24},"end":{"line":51,"column":48}},"type":"binary-expr","locations":[{"start":{"line":51,"column":24},"end":{"line":51,"column":42}},{"start":{"line":51,"column":46},"end":{"line":51,"column":48}}],"line":51},"6":{"loc":{"start":{"line":63,"column":51},"end":{"line":63,"column":78}},"type":"binary-expr","locations":[{"start":{"line":63,"column":51},"end":{"line":63,"column":70}},{"start":{"line":63,"column":74},"end":{"line":63,"column":78}}],"line":63},"7":{"loc":{"start":{"line":86,"column":18},"end":{"line":86,"column":35}},"type":"binary-expr","locations":[{"start":{"line":86,"column":18},"end":{"line":86,"column":29}},{"start":{"line":86,"column":33},"end":{"line":86,"column":35}}],"line":86},"8":{"loc":{"start":{"line":87,"column":25},"end":{"line":87,"column":80}},"type":"binary-expr","locations":[{"start":{"line":87,"column":25},"end":{"line":87,"column":45}},{"start":{"line":87,"column":49},"end":{"line":87,"column":80}}],"line":87},"9":{"loc":{"start":{"line":90,"column":4},"end":{"line":95,"column":5}},"type":"if","locations":[{"start":{"line":90,"column":4},"end":{"line":95,"column":5}},{"start":{},"end":{}}],"line":90},"10":{"loc":{"start":{"line":90,"column":8},"end":{"line":90,"column":47}},"type":"binary-expr","locations":[{"start":{"line":90,"column":8},"end":{"line":90,"column":13}},{"start":{"line":90,"column":17},"end":{"line":90,"column":30}},{"start":{"line":90,"column":34},"end":{"line":90,"column":47}}],"line":90},"11":{"loc":{"start":{"line":97,"column":35},"end":{"line":97,"column":56}},"type":"binary-expr","locations":[{"start":{"line":97,"column":35},"end":{"line":97,"column":49}},{"start":{"line":97,"column":53},"end":{"line":97,"column":56}}],"line":97},"12":{"loc":{"start":{"line":98,"column":36},"end":{"line":98,"column":59}},"type":"binary-expr","locations":[{"start":{"line":98,"column":36},"end":{"line":98,"column":51}},{"start":{"line":98,"column":55},"end":{"line":98,"column":59}}],"line":98},"13":{"loc":{"start":{"line":103,"column":4},"end":{"line":106,"column":5}},"type":"if","locations":[{"start":{"line":103,"column":4},"end":{"line":106,"column":5}},{"start":{},"end":{}}],"line":103},"14":{"loc":{"start":{"line":108,"column":4},"end":{"line":117,"column":5}},"type":"if","locations":[{"start":{"line":108,"column":4},"end":{"line":117,"column":5}},{"start":{},"end":{}}],"line":108},"15":{"loc":{"start":{"line":109,"column":24},"end":{"line":111,"column":46}},"type":"cond-expr","locations":[{"start":{"line":110,"column":10},"end":{"line":110,"column":58}},{"start":{"line":111,"column":10},"end":{"line":111,"column":46}}],"line":109},"16":{"loc":{"start":{"line":114,"column":6},"end":{"line":116,"column":7}},"type":"if","locations":[{"start":{"line":114,"column":6},"end":{"line":116,"column":7}},{"start":{},"end":{}}],"line":114},"17":{"loc":{"start":{"line":119,"column":4},"end":{"line":121,"column":5}},"type":"if","locations":[{"start":{"line":119,"column":4},"end":{"line":121,"column":5}},{"start":{},"end":{}}],"line":119},"18":{"loc":{"start":{"line":123,"column":4},"end":{"line":126,"column":5}},"type":"if","locations":[{"start":{"line":123,"column":4},"end":{"line":126,"column":5}},{"start":{},"end":{}}],"line":123},"19":{"loc":{"start":{"line":128,"column":4},"end":{"line":137,"column":5}},"type":"if","locations":[{"start":{"line":128,"column":4},"end":{"line":137,"column":5}},{"start":{},"end":{}}],"line":128},"20":{"loc":{"start":{"line":129,"column":24},"end":{"line":131,"column":46}},"type":"cond-expr","locations":[{"start":{"line":130,"column":10},"end":{"line":130,"column":58}},{"start":{"line":131,"column":10},"end":{"line":131,"column":46}}],"line":129},"21":{"loc":{"start":{"line":134,"column":6},"end":{"line":136,"column":7}},"type":"if","locations":[{"start":{"line":134,"column":6},"end":{"line":136,"column":7}},{"start":{},"end":{}}],"line":134},"22":{"loc":{"start":{"line":139,"column":4},"end":{"line":141,"column":5}},"type":"if","locations":[{"start":{"line":139,"column":4},"end":{"line":141,"column":5}},{"start":{},"end":{}}],"line":139},"23":{"loc":{"start":{"line":218,"column":20},"end":{"line":218,"column":70}},"type":"binary-expr","locations":[{"start":{"line":218,"column":20},"end":{"line":218,"column":33}},{"start":{"line":218,"column":37},"end":{"line":218,"column":50}},{"start":{"line":218,"column":54},"end":{"line":218,"column":70}}],"line":218},"24":{"loc":{"start":{"line":219,"column":4},"end":{"line":219,"column":75}},"type":"if","locations":[{"start":{"line":219,"column":4},"end":{"line":219,"column":75}},{"start":{},"end":{}}],"line":219},"25":{"loc":{"start":{"line":222,"column":22},"end":{"line":222,"column":46}},"type":"binary-expr","locations":[{"start":{"line":222,"column":22},"end":{"line":222,"column":40}},{"start":{"line":222,"column":44},"end":{"line":222,"column":46}}],"line":222},"26":{"loc":{"start":{"line":239,"column":4},"end":{"line":239,"column":74}},"type":"if","locations":[{"start":{"line":239,"column":4},"end":{"line":239,"column":74}},{"start":{},"end":{}}],"line":239},"27":{"loc":{"start":{"line":242,"column":4},"end":{"line":244,"column":5}},"type":"if","locations":[{"start":{"line":242,"column":4},"end":{"line":244,"column":5}},{"start":{},"end":{}}],"line":242},"28":{"loc":{"start":{"line":242,"column":8},"end":{"line":242,"column":67}},"type":"binary-expr","locations":[{"start":{"line":242,"column":8},"end":{"line":242,"column":30}},{"start":{"line":242,"column":34},"end":{"line":242,"column":39}},{"start":{"line":242,"column":43},"end":{"line":242,"column":67}}],"line":242},"29":{"loc":{"start":{"line":247,"column":4},"end":{"line":249,"column":5}},"type":"if","locations":[{"start":{"line":247,"column":4},"end":{"line":249,"column":5}},{"start":{},"end":{}}],"line":247},"30":{"loc":{"start":{"line":267,"column":18},"end":{"line":267,"column":68}},"type":"binary-expr","locations":[{"start":{"line":267,"column":18},"end":{"line":267,"column":59}},{"start":{"line":267,"column":63},"end":{"line":267,"column":68}}],"line":267},"31":{"loc":{"start":{"line":282,"column":4},"end":{"line":284,"column":5}},"type":"if","locations":[{"start":{"line":282,"column":4},"end":{"line":284,"column":5}},{"start":{},"end":{}}],"line":282},"32":{"loc":{"start":{"line":338,"column":4},"end":{"line":340,"column":5}},"type":"if","locations":[{"start":{"line":338,"column":4},"end":{"line":340,"column":5}},{"start":{},"end":{}}],"line":338},"33":{"loc":{"start":{"line":338,"column":8},"end":{"line":338,"column":40}},"type":"binary-expr","locations":[{"start":{"line":338,"column":8},"end":{"line":338,"column":16}},{"start":{"line":338,"column":20},"end":{"line":338,"column":40}}],"line":338}},"s":{"0":1,"1":1,"2":1,"3":1,"4":0,"5":1,"6":0,"7":0,"8":0,"9":0,"10":0,"11":0,"12":0,"13":0,"14":0,"15":0,"16":1,"17":0,"18":0,"19":0,"20":0,"21":0,"22":0,"23":0,"24":0,"25":0,"26":0,"27":0,"28":0,"29":0,"30":0,"31":0,"32":0,"33":0,"34":0,"35":0,"36":0,"37":0,"38":0,"39":0,"40":1,"41":0,"42":0,"43":0,"44":0,"45":0,"46":0,"47":0,"48":0,"49":0,"50":0,"51":0,"52":0,"53":0,"54":0,"55":0,"56":0,"57":0,"58":0,"59":0,"60":0,"61":0,"62":0,"63":0,"64":0,"65":0,"66":0,"67":0,"68":0,"69":0,"70":0,"71":0,"72":0,"73":0,"74":0,"75":0,"76":0,"77":0,"78":0,"79":0,"80":0,"81":0,"82":1,"83":0,"84":0,"85":0,"86":0,"87":0,"88":0,"89":0,"90":0,"91":0,"92":0,"93":0,"94":0,"95":1,"96":4,"97":4,"98":4,"99":0,"100":4,"101":4,"102":1,"103":3,"104":0,"105":0,"106":0,"107":0,"108":0,"109":0,"110":0,"111":3,"112":1,"113":0,"114":0,"115":0,"116":0,"117":0,"118":0,"119":0,"120":0,"121":0,"122":0,"123":0,"124":0},"f":{"0":0,"1":0,"2":0,"3":0,"4":0,"5":0,"6":0,"7":0,"8":0,"9":0,"10":0,"11":0,"12":0,"13":0,"14":0,"15":4,"16":0,"17":0},"b":{"0":[0,0],"1":[0,0],"2":[0,0],"3":[0,0,0],"4":[0,0],"5":[0,0],"6":[0,0],"7":[0,0],"8":[0,0],"9":[0,0],"10":[0,0,0],"11":[0,0],"12":[0,0],"13":[0,0],"14":[0,0],"15":[0,0],"16":[0,0],"17":[0,0],"18":[0,0],"19":[0,0],"20":[0,0],"21":[0,0],"22":[0,0],"23":[0,0,0],"24":[0,0],"25":[0,0],"26":[0,4],"27":[1,3],"28":[4,4,3],"29":[0,0],"30":[0,0],"31":[0,0],"32":[0,0],"33":[0,0]},"_coverageSchema":"1a1c01bbd47fc00a2c39e90264f33305004495a9","hash":"dd68a29abdb51107a3d4c6d953b25d61563d8f63"}
,"/media/ssd0/vscode-projects/COP4331/POOSD-Large-Project/backend/controllers/login.controller.js": {"path":"/media/ssd0/vscode-projects/COP4331/POOSD-Large-Project/backend/controllers/login.controller.js","statementMap":{"0":{"start":{"line":1,"column":12},"end":{"line":1,"column":35}},"1":{"start":{"line":2,"column":15},"end":{"line":2,"column":34}},"2":{"start":{"line":3,"column":28},"end":{"line":3,"column":44}},"3":{"start":{"line":4,"column":20},"end":{"line":4,"column":56}},"4":{"start":{"line":5,"column":22},"end":{"line":5,"column":54}},"5":{"start":{"line":6,"column":17},"end":{"line":6,"column":45}},"6":{"start":{"line":8,"column":20},"end":{"line":8,"column":24}},"7":{"start":{"line":12,"column":20},"end":{"line":18,"column":5}},"8":{"start":{"line":19,"column":4},"end":{"line":19,"column":81}},"9":{"start":{"line":23,"column":0},"end":{"line":64,"column":2}},"10":{"start":{"line":24,"column":2},"end":{"line":63,"column":3}},"11":{"start":{"line":25,"column":63},"end":{"line":25,"column":71}},"12":{"start":{"line":26,"column":4},"end":{"line":28,"column":5}},"13":{"start":{"line":27,"column":6},"end":{"line":27,"column":75}},"14":{"start":{"line":30,"column":22},"end":{"line":30,"column":56}},"15":{"start":{"line":31,"column":4},"end":{"line":33,"column":5}},"16":{"start":{"line":32,"column":6},"end":{"line":32,"column":75}},"17":{"start":{"line":35,"column":22},"end":{"line":35,"column":59}},"18":{"start":{"line":37,"column":40},"end":{"line":40,"column":6}},"19":{"start":{"line":41,"column":4},"end":{"line":41,"column":89}},"20":{"start":{"line":41,"column":23},"end":{"line":41,"column":89}},"21":{"start":{"line":42,"column":4},"end":{"line":42,"column":91}},"22":{"start":{"line":42,"column":23},"end":{"line":42,"column":91}},"23":{"start":{"line":44,"column":4},"end":{"line":51,"column":7}},"24":{"start":{"line":53,"column":4},"end":{"line":55,"column":7}},"25":{"start":{"line":57,"column":4},"end":{"line":60,"column":5}},"26":{"start":{"line":58,"column":6},"end":{"line":58,"column":102}},"27":{"start":{"line":58,"column":36},"end":{"line":58,"column":102}},"28":{"start":{"line":59,"column":6},"end":{"line":59,"column":104}},"29":{"start":{"line":59,"column":36},"end":{"line":59,"column":104}},"30":{"start":{"line":61,"column":4},"end":{"line":61,"column":42}},"31":{"start":{"line":62,"column":4},"end":{"line":62,"column":62}},"32":{"start":{"line":66,"column":0},"end":{"line":138,"column":2}},"33":{"start":{"line":67,"column":2},"end":{"line":137,"column":3}},"34":{"start":{"line":68,"column":32},"end":{"line":68,"column":40}},"35":{"start":{"line":69,"column":4},"end":{"line":71,"column":5}},"36":{"start":{"line":70,"column":6},"end":{"line":70,"column":83}},"37":{"start":{"line":73,"column":28},"end":{"line":73,"column":62}},"38":{"start":{"line":74,"column":4},"end":{"line":76,"column":5}},"39":{"start":{"line":75,"column":6},"end":{"line":75,"column":75}},"40":{"start":{"line":78,"column":17},"end":{"line":79,"column":81}},"41":{"start":{"line":81,"column":4},"end":{"line":81,"column":80}},"42":{"start":{"line":81,"column":15},"end":{"line":81,"column":80}},"43":{"start":{"line":83,"column":15},"end":{"line":83,"column":49}},"44":{"start":{"line":84,"column":4},"end":{"line":84,"column":78}},"45":{"start":{"line":84,"column":13},"end":{"line":84,"column":78}},"46":{"start":{"line":87,"column":4},"end":{"line":129,"column":5}},"47":{"start":{"line":88,"column":18},"end":{"line":88,"column":28}},"48":{"start":{"line":89,"column":23},"end":{"line":89,"column":32}},"49":{"start":{"line":90,"column":17},"end":{"line":90,"column":18}},"50":{"start":{"line":91,"column":19},"end":{"line":91,"column":24}},"51":{"start":{"line":93,"column":6},"end":{"line":120,"column":7}},"52":{"start":{"line":94,"column":20},"end":{"line":94,"column":34}},"53":{"start":{"line":95,"column":24},"end":{"line":95,"column":50}},"54":{"start":{"line":96,"column":29},"end":{"line":96,"column":58}},"55":{"start":{"line":98,"column":8},"end":{"line":101,"column":10}},"56":{"start":{"line":103,"column":24},"end":{"line":103,"column":74}},"57":{"start":{"line":104,"column":8},"end":{"line":104,"column":98}},"58":{"start":{"line":106,"column":8},"end":{"line":117,"column":9}},"59":{"start":{"line":107,"column":10},"end":{"line":112,"column":13}},"60":{"start":{"line":113,"column":10},"end":{"line":113,"column":24}},"61":{"start":{"line":115,"column":10},"end":{"line":115,"column":49}},"62":{"start":{"line":119,"column":8},"end":{"line":119,"column":83}},"63":{"start":{"line":122,"column":6},"end":{"line":128,"column":9}},"64":{"start":{"line":131,"column":18},"end":{"line":131,"column":33}},"65":{"start":{"line":132,"column":4},"end":{"line":132,"column":64}},"66":{"start":{"line":135,"column":4},"end":{"line":135,"column":39}},"67":{"start":{"line":136,"column":4},"end":{"line":136,"column":62}},"68":{"start":{"line":140,"column":0},"end":{"line":176,"column":2}},"69":{"start":{"line":141,"column":2},"end":{"line":175,"column":3}},"70":{"start":{"line":142,"column":28},"end":{"line":142,"column":36}},"71":{"start":{"line":143,"column":4},"end":{"line":144,"column":79}},"72":{"start":{"line":144,"column":6},"end":{"line":144,"column":79}},"73":{"start":{"line":146,"column":17},"end":{"line":147,"column":86}},"74":{"start":{"line":148,"column":4},"end":{"line":148,"column":75}},"75":{"start":{"line":148,"column":15},"end":{"line":148,"column":75}},"76":{"start":{"line":150,"column":4},"end":{"line":152,"column":5}},"77":{"start":{"line":151,"column":6},"end":{"line":151,"column":97}},"78":{"start":{"line":153,"column":4},"end":{"line":154,"column":92}},"79":{"start":{"line":154,"column":6},"end":{"line":154,"column":92}},"80":{"start":{"line":155,"column":4},"end":{"line":156,"column":83}},"81":{"start":{"line":156,"column":6},"end":{"line":156,"column":83}},"82":{"start":{"line":158,"column":15},"end":{"line":158,"column":63}},"83":{"start":{"line":159,"column":4},"end":{"line":162,"column":5}},"84":{"start":{"line":160,"column":6},"end":{"line":160,"column":76}},"85":{"start":{"line":161,"column":6},"end":{"line":161,"column":64}},"86":{"start":{"line":164,"column":4},"end":{"line":164,"column":30}},"87":{"start":{"line":165,"column":4},"end":{"line":165,"column":29}},"88":{"start":{"line":166,"column":4},"end":{"line":166,"column":34}},"89":{"start":{"line":167,"column":4},"end":{"line":167,"column":25}},"90":{"start":{"line":168,"colu
[...]
ns":[{"start":{"line":44,"column":17},"end":{"line":46,"column":51}},{"start":{"line":45,"column":17},"end":{"line":46,"column":51}}],"line":44},"10":{"loc":{"start":{"line":45,"column":17},"end":{"line":46,"column":51}},"type":"if","locations":[{"start":{"line":45,"column":17},"end":{"line":46,"column":51}},{"start":{"line":46,"column":17},"end":{"line":46,"column":51}}],"line":45},"11":{"loc":{"start":{"line":46,"column":17},"end":{"line":46,"column":51}},"type":"if","locations":[{"start":{"line":46,"column":17},"end":{"line":46,"column":51}},{"start":{},"end":{}}],"line":46},"12":{"loc":{"start":{"line":47,"column":12},"end":{"line":47,"column":58}},"type":"if","locations":[{"start":{"line":47,"column":12},"end":{"line":47,"column":58}},{"start":{},"end":{}}],"line":47},"13":{"loc":{"start":{"line":50,"column":8},"end":{"line":58,"column":9}},"type":"if","locations":[{"start":{"line":50,"column":8},"end":{"line":58,"column":9}},{"start":{},"end":{}}],"line":50},"14":{"loc":{"start":{"line":53,"column":12},"end":{"line":56,"column":35}},"type":"if","locations":[{"start":{"line":53,"column":12},"end":{"line":56,"column":35}},{"start":{"line":54,"column":17},"end":{"line":56,"column":35}}],"line":53},"15":{"loc":{"start":{"line":54,"column":17},"end":{"line":56,"column":35}},"type":"if","locations":[{"start":{"line":54,"column":17},"end":{"line":56,"column":35}},{"start":{"line":55,"column":17},"end":{"line":56,"column":35}}],"line":54},"16":{"loc":{"start":{"line":55,"column":17},"end":{"line":56,"column":35}},"type":"if","locations":[{"start":{"line":55,"column":17},"end":{"line":56,"column":35}},{"start":{"line":56,"column":17},"end":{"line":56,"column":35}}],"line":55},"17":{"loc":{"start":{"line":57,"column":12},"end":{"line":57,"column":64}},"type":"if","locations":[{"start":{"line":57,"column":12},"end":{"line":57,"column":64}},{"start":{},"end":{}}],"line":57},"18":{"loc":{"start":{"line":76,"column":4},"end":{"line":76,"column":56}},"type":"if","locations":[{"start":{"line":76,"column":4},"end":{"line":76,"column":56}},{"start":{},"end":{}}],"line":76},"19":{"loc":{"start":{"line":76,"column":8},"end":{"line":76,"column":44}},"type":"binary-expr","locations":[{"start":{"line":76,"column":8},"end":{"line":76,"column":18}},{"start":{"line":76,"column":22},"end":{"line":76,"column":44}}],"line":76},"20":{"loc":{"start":{"line":81,"column":4},"end":{"line":81,"column":38}},"type":"if","locations":[{"start":{"line":81,"column":4},"end":{"line":81,"column":38}},{"start":{},"end":{}}],"line":81},"21":{"loc":{"start":{"line":88,"column":8},"end":{"line":91,"column":9}},"type":"if","locations":[{"start":{"line":88,"column":8},"end":{"line":91,"column":9}},{"start":{},"end":{}}],"line":88},"22":{"loc":{"start":{"line":101,"column":4},"end":{"line":101,"column":40}},"type":"if","locations":[{"start":{"line":101,"column":4},"end":{"line":101,"column":40}},{"start":{},"end":{}}],"line":101},"23":{"loc":{"start":{"line":111,"column":4},"end":{"line":111,"column":44}},"type":"if","locations":[{"start":{"line":111,"column":4},"end":{"line":111,"column":44}},{"start":{},"end":{}}],"line":111},"24":{"loc":{"start":{"line":118,"column":8},"end":{"line":120,"column":9}},"type":"if","locations":[{"start":{"line":118,"column":8},"end":{"line":120,"column":9}},{"start":{},"end":{}}],"line":118}},"s":{"0":1,"1":0,"2":0,"3":0,"4":0,"5":0,"6":0,"7":0,"8":0,"9":0,"10":0,"11":0,"12":0,"13":0,"14":0,"15":0,"16":0,"17":0,"18":0,"19":0,"20":0,"21":0,"22":0,"23":0,"24":0,"25":0,"26":0,"27":0,"28":0,"29":0,"30":0,"31":0,"32":0,"33":0,"34":0,"35":0,"36":0,"37":0,"38":0,"39":0,"40":0,"41":0,"42":0,"43":0,"44":0,"45":0,"46":0,"47":0,"48":0,"49":0,"50":0,"51":0,"52":0,"53":0,"54":0,"55":0,"56":0,"57":0,"58":0,"59":0,"60":0,"61":0,"62":0,"63":0,"64":0,"65":0,"66":0,"67":0,"68":0,"69":0,"70":0,"71":0,"72":0,"73":0,"74":0,"75":0,"76":0,"77":0,"78":0,"79":0,"80":0,"81":0,"82":0,"83":0,"84":0,"85":0,"86":0,"87":0,"88":0,"89":0,"90":0,"91":0,"92":0,"93":0,"94":0,"95":1},"f":{"0":0,"1":0,"2":0,"3":0,"4":0,"5":0,"6":0,"7":0,"8":0,"9":0,"10":0},"b":{"0":[0,0],"1":[0,0],"2":[0,0],"3":[0,0],"4":[0,0],"5":[0,0],"6":[0,0],"7":[0,0],"8":[0,0],"9":[0,0],"10":[0,0],"11":[0,0],"12":[0,0],"13":[0,0],"14":[0,0],"15":[0,0],"16":[0,0],"17":[0,0],"18":[0,0],"19":[0,0],"20":[0,0],"21":[0,0],"22":[0,0],"23":[0,0],"24":[0,0]},"_coverageSchema":"1a1c01bbd47fc00a2c39e90264f33305004495a9","hash":"df0111e60f94279f94ba5386d08134c2808dd532"}
,"/media/ssd0/vscode-projects/COP4331/POOSD-Large-Project/backend/services/recommend_model_loader.js": {"path":"/media/ssd0/vscode-projects/COP4331/POOSD-Large-Project/backend/services/recommend_model_loader.js","statementMap":{"0":{"start":{"line":1,"column":11},"end":{"line":1,"column":24}},"1":{"start":{"line":2,"column":13},"end":{"line":2,"column":28}},"2":{"start":{"line":4,"column":20},"end":{"line":4,"column":74}},"3":{"start":{"line":5,"column":16},"end":{"line":5,"column":21}},"4":{"start":{"line":9,"column":0},"end":{"line":24,"column":1}},"5":{"start":{"line":10,"column":18},"end":{"line":10,"column":66}},"6":{"start":{"line":11,"column":4},"end":{"line":11,"column":34}},"7":{"start":{"line":12,"column":4},"end":{"line":12,"column":40}},"8":{"start":{"line":13,"column":4},"end":{"line":13,"column":32}},"9":{"start":{"line":15,"column":4},"end":{"line":15,"column":85}},"10":{"start":{"line":15,"column":73},"end":{"line":15,"column":82}},"11":{"start":{"line":16,"column":4},"end":{"line":16,"column":49}},"12":{"start":{"line":18,"column":4},"end":{"line":20,"column":5}},"13":{"start":{"line":19,"column":8},"end":{"line":19,"column":73}},"14":{"start":{"line":22,"column":4},"end":{"line":22,"column":75}},"15":{"start":{"line":23,"column":4},"end":{"line":23,"column":20}},"16":{"start":{"line":26,"column":0},"end":{"line":33,"column":2}}},"fnMap":{"0":{"name":"(anonymous_0)","decl":{"start":{"line":15,"column":60},"end":{"line":15,"column":61}},"loc":{"start":{"line":15,"column":73},"end":{"line":15,"column":82}},"line":15}},"branchMap":{"0":{"loc":{"start":{"line":18,"column":4},"end":{"line":20,"column":5}},"type":"if","locations":[{"start":{"line":18,"column":4},"end":{"line":20,"column":5}},{"start":{},"end":{}}],"line":18},"1":{"loc":{"start":{"line":18,"column":8},"end":{"line":18,"column":64}},"type":"binary-expr","locations":[{"start":{"line":18,"column":8},"end":{"line":18,"column":41}},{"start":{"line":18,"column":45},"end":{"line":18,"column":64}}],"line":18}},"s":{"0":1,"1":1,"2":1,"3":1,"4":1,"5":1,"6":1,"7":1,"8":1,"9":1,"10":2235,"11":1,"12":1,"13":0,"14":0,"15":0,"16":1},"f":{"0":2235},"b":{"0":[0,1],"1":[1,1]},"_coverageSchema":"1a1c01bbd47fc00a2c39e90264f33305004495a9","hash":"978a3f5645aa595992fddaef794b3e50c5d10793"}
,"/media/ssd0/vscode-projects/COP4331/POOSD-Large-Project/backend/services/sendEmail.js": {"path":"/media/ssd0/vscode-projects/COP4331/POOSD-Large-Project/backend/services/sendEmail.js","statementMap":{"0":{"start":{"line":2,"column":19},"end":{"line":2,"column":36}},"1":{"start":{"line":4,"column":13},"end":{"line":4,"column":63}},"2":{"start":{"line":5,"column":16},"end":{"line":5,"column":42}},"3":{"start":{"line":8,"column":16},"end":{"line":8,"column":87}},"4":{"start":{"line":9,"column":18},"end":{"line":9,"column":58}},"5":{"start":{"line":9,"column":33},"end":{"line":9,"column":41}},"6":{"start":{"line":11,"column":2},"end":{"line":14,"column":3}},"7":{"start":{"line":12,"column":4},"end":{"line":12,"column":71}},"8":{"start":{"line":13,"column":4},"end":{"line":13,"column":46}},"9":{"start":{"line":15,"column":2},"end":{"line":18,"column":3}},"10":{"start":{"line":16,"column":4},"end":{"line":16,"column":52}},"11":{"start":{"line":17,"column":4},"end":{"line":17,"column":51}},"12":{"start":{"line":20,"column":2},"end":{"line":24,"column":3}},"13":{"start":{"line":21,"column":4},"end":{"line":21,"column":77}},"14":{"start":{"line":22,"column":4},"end":{"line":22,"column":106}},"15":{"start":{"line":23,"column":4},"end":{"line":23,"column":11}},"16":{"start":{"line":26,"column":2},"end":{"line":45,"column":3}},"17":{"start":{"line":27,"column":19},"end":{"line":27,"column":38}},"18":{"start":{"line":28,"column":19},"end":{"line":34,"column":6}},"19":{"start":{"line":35,"column":4},"end":{"line":35,"column":57}},"20":{"start":{"line":36,"column":4},"end":{"line":36,"column":18}},"21":{"start":{"line":38,"column":4},"end":{"line":43,"column":7}},"22":{"start":{"line":44,"column":4},"end":{"line":44,"column":42}},"23":{"start":{"line":48,"column":0},"end":{"line":48,"column":31}}},"fnMap":{"0":{"name":"sendEmail","decl":{"start":{"line":7,"column":15},"end":{"line":7,"column":24}},"loc":{"start":{"line":7,"column":54},"end":{"line":46,"column":1}},"line":7},"1":{"name":"(anonymous_1)","decl":{"start":{"line":9,"column":28},"end":{"line":9,"column":29}},"loc":{"start":{"line":9,"column":33},"end":{"line":9,"column":41}},"line":9}},"branchMap":{"0":{"loc":{"start":{"line":4,"column":13},"end":{"line":4,"column":63}},"type":"binary-expr","locations":[{"start":{"line":4,"column":13},"end":{"line":4,"column":34}},{"start":{"line":4,"column":38},"end":{"line":4,"column":63}}],"line":4},"1":{"loc":{"start":{"line":8,"column":16},"end":{"line":8,"column":87}},"type":"cond-expr","locations":[{"start":{"line":8,"column":36},"end":{"line":8,"column":66}},{"start":{"line":8,"column":69},"end":{"line":8,"column":87}}],"line":8},"2":{"loc":{"start":{"line":8,"column":77},"end":{"line":8,"column":85}},"type":"binary-expr","locations":[{"start":{"line":8,"column":77},"end":{"line":8,"column":79}},{"start":{"line":8,"column":83},"end":{"line":8,"column":85}}],"line":8},"3":{"loc":{"start":{"line":11,"column":2},"end":{"line":14,"column":3}},"type":"if","locations":[{"start":{"line":11,"column":2},"end":{"line":14,"column":3}},{"start":{},"end":{}}],"line":11},"4":{"loc":{"start":{"line":15,"column":2},"end":{"line":18,"column":3}},"type":"if","locations":[{"start":{"line":15,"column":2},"end":{"line":18,"column":3}},{"start":{},"end":{}}],"line":15},"5":{"loc":{"start":{"line":20,"column":2},"end":{"line":24,"column":3}},"type":"if","locations":[{"start":{"line":20,"column":2},"end":{"line":24,"column":3}},{"start":{},"end":{}}],"line":20},"6":{"loc":{"start":{"line":22,"column":84},"end":{"line":22,"column":102}},"type":"binary-expr","locations":[{"start":{"line":22,"column":84},"end":{"line":22,"column":88}},{"start":{"line":22,"column":92},"end":{"line":22,"column":96}},{"start":{"line":22,"column":100},"end":{"line":22,"column":102}}],"line":22},"7":{"loc":{"start":{"line":32,"column":10},"end":{"line":32,"column":30}},"type":"cond-expr","locations":[{"start":{"line":32,"column":17},"end":{"line":32,"column":25}},{"start":{"line":32,"column":28},"end":{"line":32,"column":30}}],"line":32},"8":{"loc":{"start":{"line":33,"column":10},"end":{"line":33,"column":30}},"type":"cond-expr","locations":[{"start":{"line":33,"column":17},"end":{"line":33,"column":25}},{"start":{"line":33,"column":28},"end":{"line":33,"column":30}}],"line":33}},"s":{"0":1,"1":1,"2":1,"3":0,"4":0,"5":0,"6":0,"7":0,"8":0,"9":0,"10":0,"11":0,"12":0,"13":0,"14":0,"15":0,"16":0,"17":0,"18":0,"19":0,"20":0,"21":0,"22":0,"23":1},"f":{"0":0,"1":0},"b":{"0":[1,1],"1":[0,0],"2":[0,0],"3":[0,0],"4":[0,0],"5":[0,0],"6":[0,0,0],"7":[0,0],"8":[0,0]},"_coverageSchema":"1a1c01bbd47fc00a2c39e90264f33305004495a9","hash":"829f35e69e37dd49851d7f074178737e594c6619"}
,"/media/ssd0/vscode-projects/COP4331/POOSD-Large-Project/backend/services/user_profile.js": {"path":"/media/ssd0/vscode-projects/COP4331/POOSD-Large-Project/backend/services/user_profile.js","statementMap":{"0":{"start":{"line":1,"column":37},"end":{"line":1,"column":59}},"1":{"start":{"line":2,"column":49},"end":{"line":2,"column":84}},"2":{"start":{"line":5,"column":37},"end":{"line":5,"column":43}},"3":{"start":{"line":6,"column":23},"end":{"line":6,"column":63}},"4":{"start":{"line":8,"column":20},"end":{"line":8,"column":84}},"5":{"start":{"line":9,"column":4},"end":{"line":12,"column":5}},"6":{"start":{"line":10,"column":8},"end":{"line":10,"column":80}},"7":{"start":{"line":11,"column":8},"end":{"line":11,"column":26}},"8":{"start":{"line":14,"column":25},"end":{"line":14,"column":89}},"9":{"start":{"line":14,"column":55},"end":{"line":14,"column":73}},"10":{"start":{"line":14,"column":84},"end":{"line":14,"column":88}},"11":{"start":{"line":15,"column":4},"end":{"line":18,"column":5}},"12":{"start":{"line":16,"column":8},"end":{"line":16,"column":73}},"13":{"start":{"line":17,"column":8},"end":{"line":17,"column":26}},"14":{"start":{"line":20,"column":4},"end":{"line":20,"column":87}},"15":{"start":{"line":22,"column":29},"end":{"line":24,"column":19}},"16":{"start":{"line":26,"column":4},"end":{"line":26,"column":106}},"17":{"start":{"line":27,"column":4},"end":{"line":30,"column":5}},"18":{"start":{"line":28,"column":8},"end":{"line":28,"column":142}},"19":{"start":{"line":29,"column":8},"end":{"line":29,"column":26}},"20":{"start":{"line":32,"column":20},"end":{"line":37,"column":5}},"21":{"start":{"line":39,"column":27},"end":{"line":39,"column":67}},"22":{"start":{"line":40,"column":4},"end":{"line":62,"column":5}},"23":{"start":{"line":41,"column":30},"end":{"line":41,"column":59}},"24":{"start":{"line":42,"column":8},"end":{"line":61,"column":9}},"25":{"start":{"line":42,"column":21},"end":{"line":42,"column":22}},"26":{"start":{"line":43,"column":12},"end":{"line":60,"column":13}},"27":{"start":{"line":44,"column":36},"end":{"line":44,"column":52}},"28":{"start":{"line":47,"column":16},"end":{"line":58,"column":17}},"29":{"start":{"line":48,"column":20},"end":{"line":48,"column":52}},"30":{"start":{"line":50,"column":23},"end":{"line":58,"column":17}},"31":{"start":{"line":51,"column":20},"end":{"line":51,"column":55}},"32":{"start":{"line":53,"column":23},"end":{"line":58,"column":17}},"33":{"start":{"line":54,"column":20},"end":{"line":54,"column":53}},"34":{"start":{"line":57,"column":20},"end":{"line":57,"column":44}},"35":{"start":{"line":59,"column":16},"end":{"line":59,"column":44}},"36":{"start":{"line":64,"column":20},"end":{"line":64,"column":43}},"37":{"start":{"line":65,"column":30},"end":{"line":65,"column":90}},"38":{"start":{"line":65,"column":57},"end":{"line":65,"column":88}},"39":{"start":{"line":67,"column":4},"end":{"line":67,"column":29}},"40":{"start":{"line":70,"column":0},"end":{"line":70,"column":44}}},"fnMap":{"0":{"name":"buildUserProfileVector","decl":{"start":{"line":4,"column":15},"end":{"line":4,"column":37}},"loc":{"start":{"line":4,"column":54},"end":{"line":68,"column":1}},"line":4},"1":{"name":"(anonymous_1)","decl":{"start":{"line":14,"column":50},"end":{"line":14,"column":51}},"loc":{"start":{"line":14,"column":55},"end":{"line":14,"column":73}},"line":14},"2":{"name":"(anonymous_2)","decl":{"start":{"line":14,"column":79},"end":{"line":14,"column":80}},"loc":{"start":{"line":14,"column":84},"end":{"line":14,"column":88}},"line":14},"3":{"name":"(anonymous_3)","decl":{"start":{"line":65,"column":49},"end":{"line":65,"column":50}},"loc":{"start":{"line":65,"column":57},"end":{"line":65,"column":88}},"line":65}},"branchMap":{"0":{"loc":{"start":{"line":9,"column":4},"end":{"line":12,"column":5}},"type":"if","locations":[{"start":{"line":9,"column":4},"end":{"line":12,"column":5}},{"start":{},"end":{}}],"line":9},"1":{"loc":{"start":{"line":9,"column":8},"end":{"line":9,"column":38}},"type":"binary-expr","locations":[{"start":{"line":9,"column":8},"end":{"line":9,"column":16}},{"start":{"line":9,"column":20},"end":{"line":9,"column":38}}],"line":9},"2":{"loc":{"start":{"line":15,"column":4},"end":{"line":18,"column":5}},"type":"if","locations":[{"start":{"line":15,"column":4},"end":{"line":18,"column":5}},{"start":{},"end":{}}],"line":15},"3":{"loc":{"start":{"line":27,"column":4},"end":{"line":30,"column":5}},"type":"if","locations":[{"start":{"line":27,"column":4},"end":{"line":30,"column":5}},{"start":{},"end":{}}],"line":27},"4":{"loc":{"start":{"line":43,"column":12},"end":{"line":60,"column":13}},"type":"if","locations":[{"start":{"line":43,"column":12},"end":{"line":60,"column":13}},{"start":{},"end":{}}],"line":43},"5":{"loc":{"start":{"line":47,"column":16},"end":{"line":58,"column":17}},"type":"if","locations":[{"start":{"line":47,"column":16},"end":{"line":58,"column":17}},{"start":{"line":50,"column":23},"end":{"line":58,"column":17}}],"line":47},"6":{"loc":{"start":{"line":47,"column":20},"end":{"line":47,"column":98}},"type":"binary-expr","locations":[{"start":{"line":47,"column":20},"end":{"line":47,"column":56}},{"start":{"line":47,"column":60},"end":{"line":47,"column":98}}],"line":47},"7":{"loc":{"start":{"line":50,"column":23},"end":{"line":58,"column":17}},"type":"if","locations":[{"start":{"line":50,"column":23},"end":{"line":58,"column":17}},{"start":{"line":53,"column":23},"end":{"line":58,"column":17}}],"line":50},"8":{"loc":{"start":{"line":50,"column":27},"end":{"line":50,"column":147}},"type":"binary-expr","locations":[{"start":{"line":50,"column":27},"end":{"line":50,"column":60}},{"start":{"line":50,"column":64},"end":{"line":50,"column":97}},{"start":{"line":50,"column":101},"end":{"line":50,"column":147}}],"line":50},"9":{"loc":{"start":{"line":53,"column":23},"end":{"line":58,"column":17}},"type":"if","locations":[{"start":{"line":53,"column":23},"end":{"line":58,"column":17}},{"start":{"line":56,"column":23},"end":{"line":58,"column":17}}],"line":53},"10":{"loc":{"start":{"line":53,"column":27},"end":{"line":53,"column":187}},"type":"binary-expr","locations":[{"start":{"line":53,"column":27},"end":{"line":53,"column":63}},{"start":{"line":53,"column":67},"end":{"line":53,"column":106}},{"start":{"line":53,"column":110},"end":{"line":53,"column":146}},{"start":{"line":53,"column":150},"end":{"line":53,"column":187}}],"line":53},"11":{"loc":{"start":{"line":65,"column":57},"end":{"line":65,"column":88}},"type":"cond-expr","locations":[{"start":{"line":65,"column":71},"end":{"line":65,"column":84}},{"start":{"line":65,"column":87},"end":{"line":65,"column":88}}],"line":65}},"s":{"0":1,"1":1,"2":0,"3":0,"4":0,"5":0,"6":0,"7":0,"8":0,"9":0,"10":0,"11":0,"12":0,"13":0,"14":0,"15":0,"16":0,"17":0,"18":0,"19":0,"20":0,"21":0,"22":0,"23":0,"24":0,"25":0,"26":0,"27":0,"28":0,"29":0,"30":0,"31":0,"32":0,"33":0,"34":0,"35":0,"36":0,"37":0,"38":0,"39":0,"40":1},"f":{"0":0,"1":0,"2":0,"3":0},"b":{"0":[0,0],"1":[0,0],"2":[0,0],"3":[0,0],"4":[0,0],"5":[0,0],"6":[0,0],"7":[0,0],"8":[0,0,0],"9":[0,0],"10":[0,0,0,0],"11":[0,0]},"_coverageSchema":"1a1c01bbd47fc00a2c39e90264f33305004495a9","hash":"1654fc864bc7a3152e827af022bafb5076ba1ef5"}
,"/media/ssd0/vscode-projects/COP4331/POOSD-Large-Project/backend/tests/mocks/Users.mock": {"path":"/media/ssd0/vscode-projects/COP4331/POOSD-Large-Project/backend/tests/mocks/Users.mock","statementMap":{"0":{"start":{"line":1,"column":17},"end":{"line":5,"column":1}},"1":{"start":{"line":7,"column":0},"end":{"line":12,"column":2}}},"fnMap":{},"branchMap":{},"s":{"0":1,"1":1},"f":{},"b":{},"inputSourceMap":null,"_coverageSchema":"1a1c01bbd47fc00a2c39e90264f33305004495a9","hash":"381a72759262f52882a12816c9a8d1a50ea2d09a"}
,"/media/ssd0/vscode-projects/COP4331/POOSD-Large-Project/backend/tests/mocks/requireAuth.mock": {"path":"/media/ssd0/vscode-projects/COP4331/POOSD-Large-Project/backend/tests/mocks/requireAuth.mock","statementMap":{"0":{"start":{"line":1,"column":0},"end":{"line":4,"column":2}},"1":{"start":{"line":2,"column":2},"end":{"line":2,"column":32}},"2":{"start":{"line":3,"column":2},"end":{"line":3,"column":9}}},"fnMap":{"0":{"name":"(anonymous_0)","decl":{"start":{"line":1,"column":17},"end":{"line":1,"column":18}},"loc":{"start":{"line":1,"column":37},"end":{"line":4,"column":1}},"line":1}},"branchMap":{},"s":{"0":1,"1":4,"2":4},"f":{"0":4},"b":{},"inputSourceMap":null,"_coverageSchema":"1a1c01bbd47fc00a2c39e90264f33305004495a9","hash":"3a4987b1adbf5ca038cd2877c8d9e9b9031db41c"}
}
